#
# There is insufficient memory for the Java Runtime Environment to continue.
# Native memory allocation (malloc) failed to allocate 1052976 bytes for Chunk::new
# Possible reasons:
#   The system is out of physical RAM or swap space
#   The process is running with CompressedOops enabled, and the Java Heap may be blocking the growth of the native heap
# Possible solutions:
#   Reduce memory load on the system
#   Increase physical memory or swap space
#   Check if swap backing store is full
#   Decrease Java heap size (-Xmx/-Xms)
#   Decrease number of Java threads
#   Decrease Java thread stack sizes (-Xss)
#   Set larger code cache with -XX:ReservedCodeCacheSize=
#   JVM is running with Unscaled Compressed Oops mode in which the Java heap is
#     placed in the first 4GB address space. The Java Heap base address is the
#     maximum limit for the native heap growth. Please use -XX:HeapBaseMinAddress
#     to set the Java Heap base and to place the Java Heap above 4GB virtual address.
# This output file may be truncated or incomplete.
#
#  Out of Memory Error (arena.cpp:189), pid=11512, tid=12844
#
# JRE version: OpenJDK Runtime Environment (17.0.7) (build 17.0.7+0-b2043.56-10550314)
# Java VM: OpenJDK 64-Bit Server VM (17.0.7+0-b2043.56-10550314, mixed mode, tiered, compressed oops, compressed class ptrs, g1 gc, windows-amd64)
# No core dump will be written. Minidumps are not enabled by default on client versions of Windows
#

---------------  S U M M A R Y ------------

Command Line: --add-opens=java.base/java.util=ALL-UNNAMED --add-opens=java.base/java.lang=ALL-UNNAMED --add-opens=java.base/java.lang.invoke=ALL-UNNAMED --add-opens=java.prefs/java.util.prefs=ALL-UNNAMED --add-opens=java.base/java.nio.charset=ALL-UNNAMED --add-opens=java.base/java.net=ALL-UNNAMED --add-opens=java.base/java.util.concurrent.atomic=ALL-UNNAMED -Xmx2048m -Dfile.encoding=UTF-8 -Duser.country=US -Duser.language=en -Duser.variant -javaagent:C:\Program Files\Java\jdk-19.0.2\wrapper\dists\gradle-8.2-bin\bbg7u40eoinfdyxsxr3z4i7ta\gradle-8.2\lib\agents\gradle-instrumentation-agent-8.2.jar org.gradle.launcher.daemon.bootstrap.GradleDaemon 8.2

Host: AMD Ryzen 5 5500U with Radeon Graphics         , 12 cores, 15G,  Windows 11 , 64 bit Build 22621 (10.0.22621.1105)
Time: Fri Feb 23 15:43:10 2024 India Standard Time elapsed time: 27.573083 seconds (0d 0h 0m 27s)

---------------  T H R E A D  ---------------

Current thread (0x000002331b49bd50):  JavaThread "C2 CompilerThread0" daemon [_thread_in_native, id=12844, stack(0x000000966d000000,0x000000966d100000)]


Current CompileTask:
C2:  27573 7446       4       java.util.regex.Pattern::compile (500 bytes)

Stack: [0x000000966d000000,0x000000966d100000]
Native frames: (J=compiled Java code, j=interpreted, Vv=VM code, C=native code)
V  [jvm.dll+0x683bfa]
V  [jvm.dll+0x8430a4]
V  [jvm.dll+0x8449be]
V  [jvm.dll+0x845023]
V  [jvm.dll+0x24ad2f]
V  [jvm.dll+0xac25c]
V  [jvm.dll+0xac82c]
V  [jvm.dll+0x36a132]
V  [jvm.dll+0x334821]
V  [jvm.dll+0x333cca]
V  [jvm.dll+0x21d251]
V  [jvm.dll+0x21c671]
V  [jvm.dll+0x1a605d]
V  [jvm.dll+0x22c148]
V  [jvm.dll+0x22a209]
V  [jvm.dll+0x7f858c]
V  [jvm.dll+0x7f2aea]
V  [jvm.dll+0x682a35]
C  [ucrtbase.dll+0x29363]
C  [KERNEL32.DLL+0x126bd]
C  [ntdll.dll+0x5dfb8]


---------------  P R O C E S S  ---------------

Threads class SMR info:
_java_thread_list=0x0000023324607d40, length=38, elements={
0x000002337fbb4ef0, 0x000002331b46d020, 0x000002331b46fbe0, 0x000002331b4972a0,
0x000002331b497c50, 0x000002331b498600, 0x000002331b49afc0, 0x000002331b49bd50,
0x000002331b49c7f0, 0x000002331b49ff30, 0x000002331b57fb00, 0x000002331b6fa910,
0x0000023320d75890, 0x0000023321496870, 0x00000233210be9b0, 0x00000233219659e0,
0x0000023321690850, 0x00000233218cd800, 0x00000233218ce1a0, 0x00000233218cf9b0,
0x00000233218ce670, 0x00000233218cf4e0, 0x00000233218cbff0, 0x00000233218cc990,
0x00000233218cc4c0, 0x00000233218ceb40, 0x00000233218cf010, 0x00000233218cd330,
0x0000023322758280, 0x000002332275e2c0, 0x000002332275a430, 0x0000023322756a70,
0x0000023322756f40, 0x0000023322757410, 0x000002332275d920, 0x000002332275a900,
0x000002332232de70, 0x0000023322331830
}

Java Threads: ( => current thread )
  0x000002337fbb4ef0 JavaThread "main" [_thread_blocked, id=952, stack(0x000000966c300000,0x000000966c400000)]
  0x000002331b46d020 JavaThread "Reference Handler" daemon [_thread_blocked, id=5736, stack(0x000000966ca00000,0x000000966cb00000)]
  0x000002331b46fbe0 JavaThread "Finalizer" daemon [_thread_blocked, id=15724, stack(0x000000966cb00000,0x000000966cc00000)]
  0x000002331b4972a0 JavaThread "Signal Dispatcher" daemon [_thread_blocked, id=12156, stack(0x000000966cc00000,0x000000966cd00000)]
  0x000002331b497c50 JavaThread "Attach Listener" daemon [_thread_blocked, id=13884, stack(0x000000966cd00000,0x000000966ce00000)]
  0x000002331b498600 JavaThread "Service Thread" daemon [_thread_blocked, id=14572, stack(0x000000966ce00000,0x000000966cf00000)]
  0x000002331b49afc0 JavaThread "Monitor Deflation Thread" daemon [_thread_blocked, id=8004, stack(0x000000966cf00000,0x000000966d000000)]
=>0x000002331b49bd50 JavaThread "C2 CompilerThread0" daemon [_thread_in_native, id=12844, stack(0x000000966d000000,0x000000966d100000)]
  0x000002331b49c7f0 JavaThread "C1 CompilerThread0" daemon [_thread_blocked, id=6708, stack(0x000000966d100000,0x000000966d200000)]
  0x000002331b49ff30 JavaThread "Sweeper thread" daemon [_thread_blocked, id=8408, stack(0x000000966d200000,0x000000966d300000)]
  0x000002331b57fb00 JavaThread "Common-Cleaner" daemon [_thread_blocked, id=14036, stack(0x000000966d300000,0x000000966d400000)]
  0x000002331b6fa910 JavaThread "Notification Thread" daemon [_thread_blocked, id=11204, stack(0x000000966d400000,0x000000966d500000)]
  0x0000023320d75890 JavaThread "Daemon health stats" [_thread_blocked, id=14304, stack(0x000000966da00000,0x000000966db00000)]
  0x0000023321496870 JavaThread "Incoming local TCP Connector on port 55831" [_thread_in_native, id=16120, stack(0x000000966db00000,0x000000966dc00000)]
  0x00000233210be9b0 JavaThread "Daemon periodic checks" [_thread_blocked, id=12988, stack(0x000000966dd00000,0x000000966de00000)]
  0x00000233219659e0 JavaThread "Daemon" [_thread_blocked, id=7440, stack(0x000000966de00000,0x000000966df00000)]
  0x0000023321690850 JavaThread "Handler for socket connection from /127.0.0.1:55831 to /127.0.0.1:55832" [_thread_in_native, id=9144, stack(0x000000966df00000,0x000000966e000000)]
  0x00000233218cd800 JavaThread "Cancel handler" [_thread_blocked, id=12136, stack(0x000000966e000000,0x000000966e100000)]
  0x00000233218ce1a0 JavaThread "Daemon worker" [_thread_in_Java, id=2832, stack(0x000000966e100000,0x000000966e200000)]
  0x00000233218cf9b0 JavaThread "Asynchronous log dispatcher for DefaultDaemonConnection: socket connection from /127.0.0.1:55831 to /127.0.0.1:55832" [_thread_blocked, id=3692, stack(0x000000966e200000,0x000000966e300000)]
  0x00000233218ce670 JavaThread "Stdin handler" [_thread_blocked, id=14428, stack(0x000000966e300000,0x000000966e400000)]
  0x00000233218cf4e0 JavaThread "Daemon client event forwarder" [_thread_blocked, id=5576, stack(0x000000966e400000,0x000000966e500000)]
  0x00000233218cbff0 JavaThread "Cache worker for journal cache (C:\Program Files\Java\jdk-19.0.2\caches\journal-1)" [_thread_blocked, id=4932, stack(0x000000966eb00000,0x000000966ec00000)]
  0x00000233218cc990 JavaThread "File lock request listener" [_thread_in_native, id=9292, stack(0x000000966ec00000,0x000000966ed00000)]
  0x00000233218cc4c0 JavaThread "Cache worker for file hash cache (C:\Program Files\Java\jdk-19.0.2\caches\8.2\fileHashes)" [_thread_blocked, id=15048, stack(0x000000966ee00000,0x000000966ef00000)]
  0x00000233218ceb40 JavaThread "File watcher server" daemon [_thread_in_native, id=5636, stack(0x000000966ef00000,0x000000966f000000)]
  0x00000233218cf010 JavaThread "File watcher consumer" daemon [_thread_blocked, id=8592, stack(0x000000966f000000,0x000000966f100000)]
  0x00000233218cd330 JavaThread "Cache worker for checksums cache (D:\All Android aplication building\dynamic_view\.gradle\8.2\checksums)" [_thread_blocked, id=340, stack(0x000000966f100000,0x000000966f200000)]
  0x0000023322758280 JavaThread "Cache worker for cache directory md-rule (C:\Program Files\Java\jdk-19.0.2\caches\8.2\md-rule)" [_thread_blocked, id=16904, stack(0x000000966f200000,0x000000966f300000)]
  0x000002332275e2c0 JavaThread "Cache worker for file content cache (C:\Program Files\Java\jdk-19.0.2\caches\8.2\fileContent)" [_thread_blocked, id=3636, stack(0x000000966f300000,0x000000966f400000)]
  0x000002332275a430 JavaThread "Cache worker for file hash cache (D:\All Android aplication building\dynamic_view\.gradle\8.2\fileHashes)" [_thread_blocked, id=12148, stack(0x000000966f400000,0x000000966f500000)]
  0x0000023322756a70 JavaThread "Cache worker for cache directory md-supplier (C:\Program Files\Java\jdk-19.0.2\caches\8.2\md-supplier)" [_thread_blocked, id=12636, stack(0x000000966f500000,0x000000966f600000)]
  0x0000023322756f40 JavaThread "Cache worker for execution history cache (C:\Program Files\Java\jdk-19.0.2\caches\8.2\executionHistory)" [_thread_blocked, id=1996, stack(0x000000966f600000,0x000000966f700000)]
  0x0000023322757410 JavaThread "jar transforms" [_thread_blocked, id=16020, stack(0x000000966f800000,0x000000966f900000)]
  0x000002332275d920 JavaThread "jar transforms Thread 2" [_thread_blocked, id=7328, stack(0x000000966f900000,0x000000966fa00000)]
  0x000002332275a900 JavaThread "Cache worker for kotlin-dsl (C:\Program Files\Java\jdk-19.0.2\caches\8.2\kotlin-dsl)" [_thread_blocked, id=7144, stack(0x000000966fa00000,0x000000966fb00000)]
  0x000002332232de70 JavaThread "jar transforms Thread 3" [_thread_blocked, id=3884, stack(0x000000966fd00000,0x000000966fe00000)]
  0x0000023322331830 JavaThread "jar transforms Thread 4" [_thread_blocked, id=15376, stack(0x000000966fe00000,0x000000966ff00000)]

Other Threads:
  0x000002331b2cd550 VMThread "VM Thread" [stack: 0x000000966c900000,0x000000966ca00000] [id=6808]
  0x000002337fc3e340 WatcherThread [stack: 0x000000966d500000,0x000000966d600000] [id=1416]
  0x000002337fc14120 GCTaskThread "GC Thread#0" [stack: 0x000000966c400000,0x000000966c500000] [id=10124]
  0x0000023320a85050 GCTaskThread "GC Thread#1" [stack: 0x000000966d600000,0x000000966d700000] [id=9000]
  0x0000023320a95550 GCTaskThread "GC Thread#2" [stack: 0x000000966d700000,0x000000966d800000] [id=8752]
  0x0000023320a95800 GCTaskThread "GC Thread#3" [stack: 0x000000966d800000,0x000000966d900000] [id=5492]
  0x000002332091bd30 GCTaskThread "GC Thread#4" [stack: 0x000000966d900000,0x000000966da00000] [id=8268]
  0x00000233213ddd40 GCTaskThread "GC Thread#5" [stack: 0x000000966dc00000,0x000000966dd00000] [id=16812]
  0x000002332164aad0 GCTaskThread "GC Thread#6" [stack: 0x000000966e500000,0x000000966e600000] [id=13176]
  0x0000023320fd8150 GCTaskThread "GC Thread#7" [stack: 0x000000966e600000,0x000000966e700000] [id=5032]
  0x00000233219fc370 GCTaskThread "GC Thread#8" [stack: 0x000000966e700000,0x000000966e800000] [id=15528]
  0x00000233219fb350 GCTaskThread "GC Thread#9" [stack: 0x000000966e800000,0x000000966e900000] [id=3824]
  0x000002337fc251c0 ConcurrentGCThread "G1 Main Marker" [stack: 0x000000966c500000,0x000000966c600000] [id=744]
  0x000002337fc26a80 ConcurrentGCThread "G1 Conc#0" [stack: 0x000000966c600000,0x000000966c700000] [id=9188]
  0x00000233219fbe10 ConcurrentGCThread "G1 Conc#1" [stack: 0x000000966e900000,0x000000966ea00000] [id=16248]
  0x00000233219fb0a0 ConcurrentGCThread "G1 Conc#2" [stack: 0x000000966ea00000,0x000000966eb00000] [id=15544]
  0x000002337fc6e200 ConcurrentGCThread "G1 Refine#0" [stack: 0x000000966c700000,0x000000966c800000] [id=5608]
  0x00000233218f9700 ConcurrentGCThread "G1 Refine#1" [stack: 0x000000966f700000,0x000000966f800000] [id=3352]
  0x000002332299b350 ConcurrentGCThread "G1 Refine#2" [stack: 0x000000966ed00000,0x000000966ee00000] [id=3384]
  0x000002332299e150 ConcurrentGCThread "G1 Refine#3" [stack: 0x000000966fb00000,0x000000966fc00000] [id=10452]
  0x000002332299d8b0 ConcurrentGCThread "G1 Refine#4" [stack: 0x000000966fc00000,0x000000966fd00000] [id=5444]
  0x000002337fc6eac0 ConcurrentGCThread "G1 Service" [stack: 0x000000966c800000,0x000000966c900000] [id=15648]

Threads with active compile tasks:
C2 CompilerThread0    27610 7446       4       java.util.regex.Pattern::compile (500 bytes)
C1 CompilerThread0    27610 7514   !   2       jdk.internal.loader.Resource::getBytes (244 bytes)

VM state: not at safepoint (normal execution)

VM Mutex/Monitor currently owned by a thread: None

Heap address: 0x0000000080000000, size: 2048 MB, Compressed Oops mode: 32-bit

CDS archive(s) not mapped
Compressed class space mapped at: 0x0000000100000000-0x0000000140000000, reserved size: 1073741824
Narrow klass base: 0x0000000000000000, Narrow klass shift: 3, Narrow klass range: 0x140000000

GC Precious Log:
 CPUs: 12 total, 12 available
 Memory: 15706M
 Large Page Support: Disabled
 NUMA Support: Disabled
 Compressed Oops: Enabled (32-bit)
 Heap Region Size: 1M
 Heap Min Capacity: 8M
 Heap Initial Capacity: 246M
 Heap Max Capacity: 2G
 Pre-touch: Disabled
 Parallel Workers: 10
 Concurrent Workers: 3
 Concurrent Refinement Workers: 10
 Periodic GC: Disabled

Heap:
 garbage-first heap   total 146432K, used 98187K [0x0000000080000000, 0x0000000100000000)
  region size 1024K, 23 young (23552K), 1 survivors (1024K)
 Metaspace       used 106164K, committed 106688K, reserved 1179648K
  class space    used 13593K, committed 13824K, reserved 1048576K

Heap Regions: E=young(eden), S=young(survivor), O=old, HS=humongous(starts), HC=humongous(continues), CS=collection set, F=free, OA=open archive, CA=closed archive, TAMS=top-at-mark-start (previous, next)
|   0|0x0000000080000000, 0x0000000080100000, 0x0000000080100000|100%|HS|  |TAMS 0x0000000080100000, 0x0000000080000000| Complete 
|   1|0x0000000080100000, 0x0000000080200000, 0x0000000080200000|100%|HC|  |TAMS 0x0000000080200000, 0x0000000080100000| Complete 
|   2|0x0000000080200000, 0x0000000080300000, 0x0000000080300000|100%|HC|  |TAMS 0x0000000080300000, 0x0000000080200000| Complete 
|   3|0x0000000080300000, 0x0000000080400000, 0x0000000080400000|100%|HC|  |TAMS 0x0000000080400000, 0x0000000080300000| Complete 
|   4|0x0000000080400000, 0x0000000080500000, 0x0000000080500000|100%| O|  |TAMS 0x0000000080500000, 0x0000000080400000| Untracked 
|   5|0x0000000080500000, 0x0000000080600000, 0x0000000080600000|100%| O|  |TAMS 0x0000000080600000, 0x0000000080500000| Untracked 
|   6|0x0000000080600000, 0x0000000080700000, 0x0000000080700000|100%| O|  |TAMS 0x0000000080700000, 0x0000000080600000| Untracked 
|   7|0x0000000080700000, 0x0000000080800000, 0x0000000080800000|100%| O|  |TAMS 0x0000000080800000, 0x0000000080700000| Untracked 
|   8|0x0000000080800000, 0x0000000080900000, 0x0000000080900000|100%| O|  |TAMS 0x0000000080900000, 0x0000000080800000| Untracked 
|   9|0x0000000080900000, 0x0000000080a00000, 0x0000000080a00000|100%| O|  |TAMS 0x0000000080a00000, 0x0000000080900000| Untracked 
|  10|0x0000000080a00000, 0x0000000080b00000, 0x0000000080b00000|100%| O|  |TAMS 0x0000000080b00000, 0x0000000080a00000| Untracked 
|  11|0x0000000080b00000, 0x0000000080c00000, 0x0000000080c00000|100%| O|  |TAMS 0x0000000080c00000, 0x0000000080b00000| Untracked 
|  12|0x0000000080c00000, 0x0000000080d00000, 0x0000000080d00000|100%| O|  |TAMS 0x0000000080d00000, 0x0000000080c00000| Untracked 
|  13|0x0000000080d00000, 0x0000000080e00000, 0x0000000080e00000|100%| O|  |TAMS 0x0000000080e00000, 0x0000000080d00000| Untracked 
|  14|0x0000000080e00000, 0x0000000080f00000, 0x0000000080f00000|100%| O|  |TAMS 0x0000000080f00000, 0x0000000080e00000| Untracked 
|  15|0x0000000080f00000, 0x0000000081000000, 0x0000000081000000|100%| O|  |TAMS 0x0000000081000000, 0x0000000080f00000| Untracked 
|  16|0x0000000081000000, 0x0000000081100000, 0x0000000081100000|100%| O|  |TAMS 0x0000000081100000, 0x0000000081000000| Untracked 
|  17|0x0000000081100000, 0x0000000081200000, 0x0000000081200000|100%| O|  |TAMS 0x0000000081200000, 0x0000000081100000| Untracked 
|  18|0x0000000081200000, 0x0000000081300000, 0x0000000081300000|100%| O|  |TAMS 0x0000000081300000, 0x0000000081200000| Untracked 
|  19|0x0000000081300000, 0x0000000081400000, 0x0000000081400000|100%| O|  |TAMS 0x0000000081400000, 0x0000000081300000| Untracked 
|  20|0x0000000081400000, 0x0000000081500000, 0x0000000081500000|100%| O|  |TAMS 0x0000000081500000, 0x0000000081400000| Untracked 
|  21|0x0000000081500000, 0x0000000081600000, 0x0000000081600000|100%| O|  |TAMS 0x0000000081600000, 0x0000000081500000| Untracked 
|  22|0x0000000081600000, 0x0000000081700000, 0x0000000081700000|100%| O|  |TAMS 0x0000000081700000, 0x0000000081600000| Untracked 
|  23|0x0000000081700000, 0x0000000081700000, 0x0000000081800000|  0%| F|  |TAMS 0x0000000081700000, 0x0000000081700000| Untracked 
|  24|0x0000000081800000, 0x0000000081900000, 0x0000000081900000|100%| O|  |TAMS 0x0000000081900000, 0x0000000081800000| Untracked 
|  25|0x0000000081900000, 0x0000000081a00000, 0x0000000081a00000|100%| O|  |TAMS 0x0000000081a00000, 0x0000000081900000| Untracked 
|  26|0x0000000081a00000, 0x0000000081b00000, 0x0000000081b00000|100%| O|  |TAMS 0x0000000081b00000, 0x0000000081a00000| Untracked 
|  27|0x0000000081b00000, 0x0000000081c00000, 0x0000000081c00000|100%| O|  |TAMS 0x0000000081c00000, 0x0000000081b00000| Untracked 
|  28|0x0000000081c00000, 0x0000000081d00000, 0x0000000081d00000|100%| O|  |TAMS 0x0000000081d00000, 0x0000000081c00000| Untracked 
|  29|0x0000000081d00000, 0x0000000081e00000, 0x0000000081e00000|100%| O|  |TAMS 0x0000000081e00000, 0x0000000081d00000| Untracked 
|  30|0x0000000081e00000, 0x0000000081f00000, 0x0000000081f00000|100%| O|  |TAMS 0x0000000081f00000, 0x0000000081e00000| Untracked 
|  31|0x0000000081f00000, 0x0000000082000000, 0x0000000082000000|100%| O|  |TAMS 0x0000000082000000, 0x0000000081f00000| Untracked 
|  32|0x0000000082000000, 0x0000000082100000, 0x0000000082100000|100%| O|  |TAMS 0x0000000082100000, 0x0000000082000000| Untracked 
|  33|0x0000000082100000, 0x0000000082200000, 0x0000000082200000|100%| O|  |TAMS 0x0000000082200000, 0x0000000082100000| Untracked 
|  34|0x0000000082200000, 0x0000000082300000, 0x0000000082300000|100%|HS|  |TAMS 0x0000000082300000, 0x0000000082200000| Complete 
|  35|0x0000000082300000, 0x0000000082400000, 0x0000000082400000|100%|HC|  |TAMS 0x0000000082400000, 0x0000000082300000| Complete 
|  36|0x0000000082400000, 0x0000000082500000, 0x0000000082500000|100%|HC|  |TAMS 0x0000000082500000, 0x0000000082400000| Complete 
|  37|0x0000000082500000, 0x0000000082600000, 0x0000000082600000|100%|HC|  |TAMS 0x0000000082600000, 0x0000000082500000| Complete 
|  38|0x0000000082600000, 0x0000000082700000, 0x0000000082700000|100%| O|  |TAMS 0x0000000082700000, 0x0000000082600000| Untracked 
|  39|0x0000000082700000, 0x0000000082800000, 0x0000000082800000|100%| O|  |TAMS 0x0000000082800000, 0x0000000082700000| Untracked 
|  40|0x0000000082800000, 0x0000000082900000, 0x0000000082900000|100%| O|  |TAMS 0x0000000082900000, 0x0000000082800000| Untracked 
|  41|0x0000000082900000, 0x0000000082a00000, 0x0000000082a00000|100%| O|  |TAMS 0x0000000082a00000, 0x0000000082900000| Untracked 
|  42|0x0000000082a00000, 0x0000000082b00000, 0x0000000082b00000|100%|HS|  |TAMS 0x0000000082b00000, 0x0000000082a00000| Complete 
|  43|0x0000000082b00000, 0x0000000082c00000, 0x0000000082c00000|100%| O|  |TAMS 0x0000000082c00000, 0x0000000082b00000| Untracked 
|  44|0x0000000082c00000, 0x0000000082d00000, 0x0000000082d00000|100%| O|  |TAMS 0x0000000082d00000, 0x0000000082c00000| Untracked 
|  45|0x0000000082d00000, 0x0000000082e00000, 0x0000000082e00000|100%| O|  |TAMS 0x0000000082e00000, 0x0000000082d00000| Untracked 
|  46|0x0000000082e00000, 0x0000000082f00000, 0x0000000082f00000|100%| O|  |TAMS 0x0000000082f00000, 0x0000000082e00000| Untracked 
|  47|0x0000000082f00000, 0x0000000083000000, 0x0000000083000000|100%| O|  |TAMS 0x0000000083000000, 0x0000000082f00000| Untracked 
|  48|0x0000000083000000, 0x0000000083100000, 0x0000000083100000|100%| O|  |TAMS 0x0000000083100000, 0x0000000083000000| Untracked 
|  49|0x0000000083100000, 0x0000000083200000, 0x0000000083200000|100%| O|  |TAMS 0x0000000083200000, 0x0000000083100000| Untracked 
|  50|0x0000000083200000, 0x0000000083300000, 0x0000000083300000|100%| O|  |TAMS 0x0000000083300000, 0x0000000083200000| Untracked 
|  51|0x0000000083300000, 0x0000000083400000, 0x0000000083400000|100%| O|  |TAMS 0x0000000083400000, 0x0000000083300000| Untracked 
|  52|0x0000000083400000, 0x0000000083500000, 0x0000000083500000|100%| O|  |TAMS 0x0000000083500000, 0x0000000083400000| Untracked 
|  53|0x0000000083500000, 0x0000000083600000, 0x0000000083600000|100%|HS|  |TAMS 0x0000000083600000, 0x0000000083500000| Complete 
|  54|0x0000000083600000, 0x0000000083700000, 0x0000000083700000|100%|HC|  |TAMS 0x0000000083700000, 0x0000000083600000| Complete 
|  55|0x0000000083700000, 0x0000000083800000, 0x0000000083800000|100%|HC|  |TAMS 0x0000000083800000, 0x0000000083700000| Complete 
|  56|0x0000000083800000, 0x0000000083900000, 0x0000000083900000|100%|HC|  |TAMS 0x0000000083900000, 0x0000000083800000| Complete 
|  57|0x0000000083900000, 0x0000000083a00000, 0x0000000083a00000|100%|HC|  |TAMS 0x0000000083a00000, 0x0000000083900000| Complete 
|  58|0x0000000083a00000, 0x0000000083b00000, 0x0000000083b00000|100%|HC|  |TAMS 0x0000000083b00000, 0x0000000083a00000| Complete 
|  59|0x0000000083b00000, 0x0000000083c00000, 0x0000000083c00000|100%| O|  |TAMS 0x0000000083c00000, 0x0000000083b00000| Untracked 
|  60|0x0000000083c00000, 0x0000000083d00000, 0x0000000083d00000|100%| O|  |TAMS 0x0000000083d00000, 0x0000000083c00000| Untracked 
|  61|0x0000000083d00000, 0x0000000083e00000, 0x0000000083e00000|100%| O|  |TAMS 0x0000000083e00000, 0x0000000083d00000| Untracked 
|  62|0x0000000083e00000, 0x0000000083f00000, 0x0000000083f00000|100%| O|  |TAMS 0x0000000083f00000, 0x0000000083e00000| Untracked 
|  63|0x0000000083f00000, 0x0000000084000000, 0x0000000084000000|100%| O|  |TAMS 0x0000000084000000, 0x0000000083f00000| Untracked 
|  64|0x0000000084000000, 0x0000000084100000, 0x0000000084100000|100%| O|  |TAMS 0x0000000084100000, 0x0000000084000000| Untracked 
|  65|0x0000000084100000, 0x0000000084200000, 0x0000000084200000|100%| O|  |TAMS 0x0000000084200000, 0x0000000084100000| Untracked 
|  66|0x0000000084200000, 0x0000000084300000, 0x0000000084300000|100%| O|  |TAMS 0x0000000084300000, 0x0000000084200000| Untracked 
|  67|0x0000000084300000, 0x0000000084400000, 0x0000000084400000|100%| O|  |TAMS 0x0000000084400000, 0x0000000084300000| Untracked 
|  68|0x0000000084400000, 0x0000000084500000, 0x0000000084500000|100%| O|  |TAMS 0x0000000084500000, 0x0000000084400000| Untracked 
|  69|0x0000000084500000, 0x0000000084600000, 0x0000000084600000|100%| O|  |TAMS 0x000000008454a600, 0x0000000084500000| Untracked 
|  70|0x0000000084600000, 0x0000000084700000, 0x0000000084700000|100%| O|  |TAMS 0x0000000084600000, 0x0000000084600000| Untracked 
|  71|0x0000000084700000, 0x0000000084800000, 0x0000000084800000|100%| O|  |TAMS 0x0000000084700000, 0x0000000084700000| Untracked 
|  72|0x0000000084800000, 0x0000000084900000, 0x0000000084900000|100%| O|  |TAMS 0x0000000084800000, 0x0000000084800000| Untracked 
|  73|0x0000000084900000, 0x0000000084a00000, 0x0000000084a00000|100%| O|  |TAMS 0x0000000084900000, 0x0000000084900000| Untracked 
|  74|0x0000000084a00000, 0x0000000084b00000, 0x0000000084b00000|100%| O|  |TAMS 0x0000000084a00000, 0x0000000084a00000| Untracked 
|  75|0x0000000084b00000, 0x0000000084b7fc00, 0x0000000084c00000| 49%| O|  |TAMS 0x0000000084b00000, 0x0000000084b00000| Untracked 
|  76|0x0000000084c00000, 0x0000000084c00000, 0x0000000084d00000|  0%| F|  |TAMS 0x0000000084c00000, 0x0000000084c00000| Untracked 
|  77|0x0000000084d00000, 0x0000000084d00000, 0x0000000084e00000|  0%| F|  |TAMS 0x0000000084d00000, 0x0000000084d00000| Untracked 
|  78|0x0000000084e00000, 0x0000000084e00000, 0x0000000084f00000|  0%| F|  |TAMS 0x0000000084e00000, 0x0000000084e00000| Untracked 
|  79|0x0000000084f00000, 0x0000000084f00000, 0x0000000085000000|  0%| F|  |TAMS 0x0000000084f00000, 0x0000000084f00000| Untracked 
|  80|0x0000000085000000, 0x0000000085000000, 0x0000000085100000|  0%| F|  |TAMS 0x0000000085000000, 0x0000000085000000| Untracked 
|  81|0x0000000085100000, 0x0000000085100000, 0x0000000085200000|  0%| F|  |TAMS 0x0000000085100000, 0x0000000085100000| Untracked 
|  82|0x0000000085200000, 0x0000000085200000, 0x0000000085300000|  0%| F|  |TAMS 0x0000000085200000, 0x0000000085200000| Untracked 
|  83|0x0000000085300000, 0x0000000085300000, 0x0000000085400000|  0%| F|  |TAMS 0x0000000085300000, 0x0000000085300000| Untracked 
|  84|0x0000000085400000, 0x0000000085400000, 0x0000000085500000|  0%| F|  |TAMS 0x0000000085400000, 0x0000000085400000| Untracked 
|  85|0x0000000085500000, 0x0000000085500000, 0x0000000085600000|  0%| F|  |TAMS 0x0000000085500000, 0x0000000085500000| Untracked 
|  86|0x0000000085600000, 0x0000000085600000, 0x0000000085700000|  0%| F|  |TAMS 0x0000000085600000, 0x0000000085600000| Untracked 
|  87|0x0000000085700000, 0x0000000085700000, 0x0000000085800000|  0%| F|  |TAMS 0x0000000085700000, 0x0000000085700000| Untracked 
|  88|0x0000000085800000, 0x0000000085800000, 0x0000000085900000|  0%| F|  |TAMS 0x0000000085800000, 0x0000000085800000| Untracked 
|  89|0x0000000085900000, 0x0000000085900000, 0x0000000085a00000|  0%| F|  |TAMS 0x0000000085900000, 0x0000000085900000| Untracked 
|  90|0x0000000085a00000, 0x0000000085a00000, 0x0000000085b00000|  0%| F|  |TAMS 0x0000000085a00000, 0x0000000085a00000| Untracked 
|  91|0x0000000085b00000, 0x0000000085b00000, 0x0000000085c00000|  0%| F|  |TAMS 0x0000000085b00000, 0x0000000085b00000| Untracked 
|  92|0x0000000085c00000, 0x0000000085c00000, 0x0000000085d00000|  0%| F|  |TAMS 0x0000000085c00000, 0x0000000085c00000| Untracked 
|  93|0x0000000085d00000, 0x0000000085d00000, 0x0000000085e00000|  0%| F|  |TAMS 0x0000000085d00000, 0x0000000085d00000| Untracked 
|  94|0x0000000085e00000, 0x0000000085e00000, 0x0000000085f00000|  0%| F|  |TAMS 0x0000000085e00000, 0x0000000085e00000| Untracked 
|  95|0x0000000085f00000, 0x0000000085f00000, 0x0000000086000000|  0%| F|  |TAMS 0x0000000085f00000, 0x0000000085f00000| Untracked 
|  96|0x0000000086000000, 0x0000000086000000, 0x0000000086100000|  0%| F|  |TAMS 0x0000000086000000, 0x0000000086000000| Untracked 
|  97|0x0000000086100000, 0x0000000086100000, 0x0000000086200000|  0%| F|  |TAMS 0x0000000086100000, 0x0000000086100000| Untracked 
|  98|0x0000000086200000, 0x0000000086200000, 0x0000000086300000|  0%| F|  |TAMS 0x0000000086200000, 0x0000000086200000| Untracked 
|  99|0x0000000086300000, 0x0000000086300000, 0x0000000086400000|  0%| F|  |TAMS 0x0000000086300000, 0x0000000086300000| Untracked 
| 100|0x0000000086400000, 0x0000000086400000, 0x0000000086500000|  0%| F|  |TAMS 0x0000000086400000, 0x0000000086400000| Untracked 
| 101|0x0000000086500000, 0x0000000086500000, 0x0000000086600000|  0%| F|  |TAMS 0x0000000086500000, 0x0000000086500000| Untracked 
| 102|0x0000000086600000, 0x0000000086600000, 0x0000000086700000|  0%| F|  |TAMS 0x0000000086600000, 0x0000000086600000| Untracked 
| 103|0x0000000086700000, 0x0000000086700000, 0x0000000086800000|  0%| F|  |TAMS 0x0000000086700000, 0x0000000086700000| Untracked 
| 104|0x0000000086800000, 0x0000000086800000, 0x0000000086900000|  0%| F|  |TAMS 0x0000000086800000, 0x0000000086800000| Untracked 
| 105|0x0000000086900000, 0x0000000086900000, 0x0000000086a00000|  0%| F|  |TAMS 0x0000000086900000, 0x0000000086900000| Untracked 
| 106|0x0000000086a00000, 0x0000000086a00000, 0x0000000086b00000|  0%| F|  |TAMS 0x0000000086a00000, 0x0000000086a00000| Untracked 
| 107|0x0000000086b00000, 0x0000000086b00000, 0x0000000086c00000|  0%| F|  |TAMS 0x0000000086b00000, 0x0000000086b00000| Untracked 
| 108|0x0000000086c00000, 0x0000000086c00000, 0x0000000086d00000|  0%| F|  |TAMS 0x0000000086c00000, 0x0000000086c00000| Untracked 
| 109|0x0000000086d00000, 0x0000000086d00000, 0x0000000086e00000|  0%| F|  |TAMS 0x0000000086d00000, 0x0000000086d00000| Untracked 
| 110|0x0000000086e00000, 0x0000000086e00000, 0x0000000086f00000|  0%| F|  |TAMS 0x0000000086e00000, 0x0000000086e00000| Untracked 
| 111|0x0000000086f00000, 0x0000000086f00000, 0x0000000087000000|  0%| F|  |TAMS 0x0000000086f00000, 0x0000000086f00000| Untracked 
| 112|0x0000000087000000, 0x0000000087000000, 0x0000000087100000|  0%| F|  |TAMS 0x0000000087000000, 0x0000000087000000| Untracked 
| 113|0x0000000087100000, 0x0000000087100000, 0x0000000087200000|  0%| F|  |TAMS 0x0000000087100000, 0x0000000087100000| Untracked 
| 114|0x0000000087200000, 0x0000000087200000, 0x0000000087300000|  0%| F|  |TAMS 0x0000000087200000, 0x0000000087200000| Untracked 
| 115|0x0000000087300000, 0x0000000087300000, 0x0000000087400000|  0%| F|  |TAMS 0x0000000087300000, 0x0000000087300000| Untracked 
| 116|0x0000000087400000, 0x0000000087400000, 0x0000000087500000|  0%| F|  |TAMS 0x0000000087400000, 0x0000000087400000| Untracked 
| 117|0x0000000087500000, 0x0000000087500000, 0x0000000087600000|  0%| F|  |TAMS 0x0000000087500000, 0x0000000087500000| Untracked 
| 118|0x0000000087600000, 0x0000000087600000, 0x0000000087700000|  0%| F|  |TAMS 0x0000000087600000, 0x0000000087600000| Untracked 
| 119|0x0000000087700000, 0x0000000087700000, 0x0000000087800000|  0%| F|  |TAMS 0x0000000087700000, 0x0000000087700000| Untracked 
| 120|0x0000000087800000, 0x00000000878818e8, 0x0000000087900000| 50%| E|  |TAMS 0x0000000087800000, 0x0000000087800000| Complete 
| 121|0x0000000087900000, 0x0000000087a00000, 0x0000000087a00000|100%| E|CS|TAMS 0x0000000087900000, 0x0000000087900000| Complete 
| 122|0x0000000087a00000, 0x0000000087b00000, 0x0000000087b00000|100%| E|CS|TAMS 0x0000000087a00000, 0x0000000087a00000| Complete 
| 123|0x0000000087b00000, 0x0000000087c00000, 0x0000000087c00000|100%| E|CS|TAMS 0x0000000087b00000, 0x0000000087b00000| Complete 
| 124|0x0000000087c00000, 0x0000000087d00000, 0x0000000087d00000|100%| E|CS|TAMS 0x0000000087c00000, 0x0000000087c00000| Complete 
| 125|0x0000000087d00000, 0x0000000087e00000, 0x0000000087e00000|100%| E|CS|TAMS 0x0000000087d00000, 0x0000000087d00000| Complete 
| 126|0x0000000087e00000, 0x0000000087f00000, 0x0000000087f00000|100%| E|CS|TAMS 0x0000000087e00000, 0x0000000087e00000| Complete 
| 127|0x0000000087f00000, 0x0000000088000000, 0x0000000088000000|100%| E|CS|TAMS 0x0000000087f00000, 0x0000000087f00000| Complete 
| 128|0x0000000088000000, 0x0000000088100000, 0x0000000088100000|100%| E|CS|TAMS 0x0000000088000000, 0x0000000088000000| Complete 
| 129|0x0000000088100000, 0x0000000088200000, 0x0000000088200000|100%| E|CS|TAMS 0x0000000088100000, 0x0000000088100000| Complete 
| 130|0x0000000088200000, 0x0000000088300000, 0x0000000088300000|100%| E|CS|TAMS 0x0000000088200000, 0x0000000088200000| Complete 
| 131|0x0000000088300000, 0x0000000088400000, 0x0000000088400000|100%| E|CS|TAMS 0x0000000088300000, 0x0000000088300000| Complete 
| 132|0x0000000088400000, 0x0000000088500000, 0x0000000088500000|100%| E|CS|TAMS 0x0000000088400000, 0x0000000088400000| Complete 
| 133|0x0000000088500000, 0x0000000088600000, 0x0000000088600000|100%| E|CS|TAMS 0x0000000088500000, 0x0000000088500000| Complete 
| 189|0x000000008bd00000, 0x000000008be00000, 0x000000008be00000|100%| E|CS|TAMS 0x000000008bd00000, 0x000000008bd00000| Complete 
| 190|0x000000008be00000, 0x000000008bf00000, 0x000000008bf00000|100%| E|CS|TAMS 0x000000008be00000, 0x000000008be00000| Complete 
| 191|0x000000008bf00000, 0x000000008c000000, 0x000000008c000000|100%| E|CS|TAMS 0x000000008bf00000, 0x000000008bf00000| Complete 
| 192|0x000000008c000000, 0x000000008c100000, 0x000000008c100000|100%| E|CS|TAMS 0x000000008c000000, 0x000000008c000000| Complete 
| 193|0x000000008c100000, 0x000000008c1631f8, 0x000000008c200000| 38%| S|CS|TAMS 0x000000008c100000, 0x000000008c100000| Complete 
| 194|0x000000008c200000, 0x000000008c300000, 0x000000008c300000|100%| E|CS|TAMS 0x000000008c200000, 0x000000008c200000| Complete 
| 195|0x000000008c300000, 0x000000008c400000, 0x000000008c400000|100%| E|CS|TAMS 0x000000008c300000, 0x000000008c300000| Complete 
| 196|0x000000008c400000, 0x000000008c500000, 0x000000008c500000|100%| E|CS|TAMS 0x000000008c400000, 0x000000008c400000| Complete 
| 245|0x000000008f500000, 0x000000008f600000, 0x000000008f600000|100%| E|CS|TAMS 0x000000008f500000, 0x000000008f500000| Complete 

Card table byte_map: [0x0000023313e40000,0x0000023314240000] _byte_map_base: 0x0000023313a40000

Marking Bits (Prev, Next): (CMBitMap*) 0x000002337fc14770, (CMBitMap*) 0x000002337fc14730
 Prev Bits: [0x0000023316640000, 0x0000023318640000)
 Next Bits: [0x0000023314640000, 0x0000023316640000)

Polling page: 0x000002337f370000

Metaspace:

Usage:
  Non-class:     90.41 MB used.
      Class:     13.28 MB used.
       Both:    103.69 MB used.

Virtual space:
  Non-class space:      128.00 MB reserved,      90.69 MB ( 71%) committed,  2 nodes.
      Class space:        1.00 GB reserved,      13.50 MB (  1%) committed,  1 nodes.
             Both:        1.12 GB reserved,     104.19 MB (  9%) committed. 

Chunk freelists:
   Non-Class:  4.98 MB
       Class:  2.38 MB
        Both:  7.36 MB

MaxMetaspaceSize: unlimited
CompressedClassSpaceSize: 1.00 GB
Initial GC threshold: 21.00 MB
Current GC threshold: 157.94 MB
CDS: off
MetaspaceReclaimPolicy: balanced
 - commit_granule_bytes: 65536.
 - commit_granule_words: 8192.
 - virtual_space_node_default_size: 8388608.
 - enlarge_chunks_in_place: 1.
 - new_chunks_are_fully_committed: 0.
 - uncommit_free_chunks: 1.
 - use_allocation_guard: 0.
 - handle_deallocations: 1.


Internal statistics:

num_allocs_failed_limit: 6.
num_arena_births: 602.
num_arena_deaths: 0.
num_vsnodes_births: 3.
num_vsnodes_deaths: 0.
num_space_committed: 1665.
num_space_uncommitted: 0.
num_chunks_returned_to_freelist: 6.
num_chunks_taken_from_freelist: 3924.
num_chunk_merges: 3.
num_chunk_splits: 3148.
num_chunks_enlarged: 2698.
num_inconsistent_stats: 0.

CodeHeap 'non-profiled nmethods': size=120000Kb used=3169Kb max_used=3269Kb free=116830Kb
 bounds [0x000002330c2f0000, 0x000002330c630000, 0x0000023313820000]
CodeHeap 'profiled nmethods': size=120000Kb used=13016Kb max_used=13016Kb free=106983Kb
 bounds [0x0000023304820000, 0x00000233054e0000, 0x000002330bd50000]
CodeHeap 'non-nmethods': size=5760Kb used=2477Kb max_used=2499Kb free=3283Kb
 bounds [0x000002330bd50000, 0x000002330bfd0000, 0x000002330c2f0000]
 total_blobs=7612 nmethods=6580 adapters=943
 compilation: enabled
              stopped_count=0, restarted_count=0
 full_count=0

Compilation events (20 events):
Event: 27.547 Thread 0x000002331b49c7f0 7491       3       sun.reflect.generics.reflectiveObjects.WildcardTypeImpl::getUpperBounds (34 bytes)
Event: 27.547 Thread 0x000002331b49c7f0 nmethod 7491 0x00000233054c4410 code [0x00000233054c45e0, 0x00000233054c4c18]
Event: 27.548 Thread 0x000002331b49c7f0 7494       3       org.objectweb.asm.MethodWriter::visitLdcInsn (215 bytes)
Event: 27.550 Thread 0x000002331b49c7f0 nmethod 7494 0x00000233054c4d10 code [0x00000233054c4f80, 0x00000233054c5aa8]
Event: 27.550 Thread 0x000002331b49c7f0 7498       3       org.gradle.model.internal.asm.MethodVisitorScope::_CHECKCAST (9 bytes)
Event: 27.551 Thread 0x000002331b49c7f0 nmethod 7498 0x00000233054c5f10 code [0x00000233054c60c0, 0x00000233054c6328]
Event: 27.551 Thread 0x000002331b49c7f0 7497       3       org.gradle.model.internal.asm.ClassVisitorScope::addField (11 bytes)
Event: 27.551 Thread 0x000002331b49c7f0 nmethod 7497 0x00000233054c6410 code [0x00000233054c65c0, 0x00000233054c67d8]
Event: 27.551 Thread 0x000002331b49c7f0 7495       3       org.gradle.internal.instantiation.generator.AsmBackedClassGenerator$ClassBuilderImpl::applyConventionMappingToGetter (64 bytes)
Event: 27.553 Thread 0x000002331b49c7f0 nmethod 7495 0x00000233054c6910 code [0x00000233054c6b60, 0x00000233054c77f8]
Event: 27.553 Thread 0x000002331b49c7f0 7496       3       org.gradle.internal.instantiation.generator.AsmBackedClassGenerator$ClassBuilderImpl::applyConventionMappingToProperty (23 bytes)
Event: 27.554 Thread 0x000002331b49c7f0 nmethod 7496 0x00000233054c7c10 code [0x00000233054c7e60, 0x00000233054c8628]
Event: 27.554 Thread 0x000002331b49c7f0 7499       3       org.gradle.model.internal.asm.MethodVisitorScope::_IFNONNULL (9 bytes)
Event: 27.554 Thread 0x000002331b49c7f0 nmethod 7499 0x00000233054c8910 code [0x00000233054c8ac0, 0x00000233054c8d28]
Event: 27.554 Thread 0x000002331b49c7f0 7500       1       sun.reflect.generics.tree.MethodTypeSignature::getFormalTypeParameters (5 bytes)
Event: 27.554 Thread 0x000002331b49c7f0 nmethod 7500 0x000002330c346b10 code [0x000002330c346ca0, 0x000002330c346d78]
Event: 27.565 Thread 0x000002331b49c7f0 7503       3       java.lang.invoke.InvokerBytecodeGenerator::lookupPregenerated (294 bytes)
Event: 27.567 Thread 0x000002331b49c7f0 nmethod 7503 0x00000233054c8e10 code [0x00000233054c91a0, 0x00000233054ca768]
Event: 27.567 Thread 0x000002331b49c7f0 7506       3       java.lang.invoke.MethodType::invokerType (9 bytes)
Event: 27.567 Thread 0x000002331b49c7f0 nmethod 7506 0x00000233054cad90 code [0x00000233054caf40, 0x00000233054cb088]

GC Heap History (20 events):
Event: 18.829 GC heap before
{Heap before GC invocations=35 (full 0):
 garbage-first heap   total 111616K, used 82805K [0x0000000080000000, 0x0000000100000000)
  region size 1024K, 25 young (25600K), 4 survivors (4096K)
 Metaspace       used 75851K, committed 76288K, reserved 1179648K
  class space    used 10052K, committed 10240K, reserved 1048576K
}
Event: 18.833 GC heap after
{Heap after GC invocations=36 (full 0):
 garbage-first heap   total 111616K, used 63222K [0x0000000080000000, 0x0000000100000000)
  region size 1024K, 3 young (3072K), 3 survivors (3072K)
 Metaspace       used 75851K, committed 76288K, reserved 1179648K
  class space    used 10052K, committed 10240K, reserved 1048576K
}
Event: 18.905 GC heap before
{Heap before GC invocations=36 (full 0):
 garbage-first heap   total 111616K, used 64246K [0x0000000080000000, 0x0000000100000000)
  region size 1024K, 5 young (5120K), 3 survivors (3072K)
 Metaspace       used 76170K, committed 76672K, reserved 1179648K
  class space    used 10085K, committed 10304K, reserved 1048576K
}
Event: 18.908 GC heap after
{Heap after GC invocations=37 (full 0):
 garbage-first heap   total 111616K, used 63442K [0x0000000080000000, 0x0000000100000000)
  region size 1024K, 1 young (1024K), 1 survivors (1024K)
 Metaspace       used 76170K, committed 76672K, reserved 1179648K
  class space    used 10085K, committed 10304K, reserved 1048576K
}
Event: 19.724 GC heap before
{Heap before GC invocations=37 (full 0):
 garbage-first heap   total 111616K, used 91090K [0x0000000080000000, 0x0000000100000000)
  region size 1024K, 28 young (28672K), 1 survivors (1024K)
 Metaspace       used 79343K, committed 79872K, reserved 1179648K
  class space    used 10474K, committed 10688K, reserved 1048576K
}
Event: 19.729 GC heap after
{Heap after GC invocations=38 (full 0):
 garbage-first heap   total 111616K, used 64722K [0x0000000080000000, 0x0000000100000000)
  region size 1024K, 2 young (2048K), 2 survivors (2048K)
 Metaspace       used 79343K, committed 79872K, reserved 1179648K
  class space    used 10474K, committed 10688K, reserved 1048576K
}
Event: 20.500 GC heap before
{Heap before GC invocations=39 (full 0):
 garbage-first heap   total 114688K, used 87250K [0x0000000080000000, 0x0000000100000000)
  region size 1024K, 25 young (25600K), 2 survivors (2048K)
 Metaspace       used 82544K, committed 83072K, reserved 1179648K
  class space    used 10898K, committed 11136K, reserved 1048576K
}
Event: 20.505 GC heap after
{Heap after GC invocations=40 (full 0):
 garbage-first heap   total 114688K, used 65814K [0x0000000080000000, 0x0000000100000000)
  region size 1024K, 3 young (3072K), 3 survivors (3072K)
 Metaspace       used 82544K, committed 83072K, reserved 1179648K
  class space    used 10898K, committed 11136K, reserved 1048576K
}
Event: 20.830 GC heap before
{Heap before GC invocations=41 (full 0):
 garbage-first heap   total 121856K, used 95510K [0x0000000080000000, 0x0000000100000000)
  region size 1024K, 31 young (31744K), 3 survivors (3072K)
 Metaspace       used 83077K, committed 83520K, reserved 1179648K
  class space    used 10956K, committed 11136K, reserved 1048576K
}
Event: 20.834 GC heap after
{Heap after GC invocations=42 (full 0):
 garbage-first heap   total 146432K, used 67119K [0x0000000080000000, 0x0000000100000000)
  region size 1024K, 3 young (3072K), 3 survivors (3072K)
 Metaspace       used 83077K, committed 83520K, reserved 1179648K
  class space    used 10956K, committed 11136K, reserved 1048576K
}
Event: 21.982 GC heap before
{Heap before GC invocations=42 (full 0):
 garbage-first heap   total 146432K, used 117295K [0x0000000080000000, 0x0000000100000000)
  region size 1024K, 52 young (53248K), 3 survivors (3072K)
 Metaspace       used 86079K, committed 86592K, reserved 1179648K
  class space    used 11294K, committed 11520K, reserved 1048576K
}
Event: 21.988 GC heap after
{Heap after GC invocations=43 (full 0):
 garbage-first heap   total 146432K, used 71137K [0x0000000080000000, 0x0000000100000000)
  region size 1024K, 7 young (7168K), 7 survivors (7168K)
 Metaspace       used 86079K, committed 86592K, reserved 1179648K
  class space    used 11294K, committed 11520K, reserved 1048576K
}
Event: 23.399 GC heap before
{Heap before GC invocations=43 (full 0):
 garbage-first heap   total 146432K, used 117217K [0x0000000080000000, 0x0000000100000000)
  region size 1024K, 52 young (53248K), 7 survivors (7168K)
 Metaspace       used 90382K, committed 90880K, reserved 1179648K
  class space    used 11747K, committed 11968K, reserved 1048576K
}
Event: 23.406 GC heap after
{Heap after GC invocations=44 (full 0):
 garbage-first heap   total 146432K, used 74598K [0x0000000080000000, 0x0000000100000000)
  region size 1024K, 4 young (4096K), 4 survivors (4096K)
 Metaspace       used 90382K, committed 90880K, reserved 1179648K
  class space    used 11747K, committed 11968K, reserved 1048576K
}
Event: 25.001 GC heap before
{Heap before GC invocations=44 (full 0):
 garbage-first heap   total 146432K, used 118630K [0x0000000080000000, 0x0000000100000000)
  region size 1024K, 47 young (48128K), 4 survivors (4096K)
 Metaspace       used 95997K, committed 96512K, reserved 1179648K
  class space    used 12408K, committed 12608K, reserved 1048576K
}
Event: 25.006 GC heap after
{Heap after GC invocations=45 (full 0):
 garbage-first heap   total 146432K, used 76128K [0x0000000080000000, 0x0000000100000000)
  region size 1024K, 2 young (2048K), 2 survivors (2048K)
 Metaspace       used 95997K, committed 96512K, reserved 1179648K
  class space    used 12408K, committed 12608K, reserved 1048576K
}
Event: 26.490 GC heap before
{Heap before GC invocations=46 (full 0):
 garbage-first heap   total 146432K, used 120160K [0x0000000080000000, 0x0000000100000000)
  region size 1024K, 45 young (46080K), 2 survivors (2048K)
 Metaspace       used 102755K, committed 103232K, reserved 1179648K
  class space    used 13112K, committed 13312K, reserved 1048576K
}
Event: 26.494 GC heap after
{Heap after GC invocations=47 (full 0):
 garbage-first heap   total 146432K, used 76830K [0x0000000080000000, 0x0000000100000000)
  region size 1024K, 3 young (3072K), 3 survivors (3072K)
 Metaspace       used 102755K, committed 103232K, reserved 1179648K
  class space    used 13112K, committed 13312K, reserved 1048576K
}
Event: 26.682 GC heap before
{Heap before GC invocations=47 (full 0):
 garbage-first heap   total 146432K, used 79902K [0x0000000080000000, 0x0000000100000000)
  region size 1024K, 7 young (7168K), 3 survivors (3072K)
 Metaspace       used 103313K, committed 103808K, reserved 1179648K
  class space    used 13176K, committed 13376K, reserved 1048576K
}
Event: 26.689 GC heap after
{Heap after GC invocations=48 (full 0):
 garbage-first heap   total 146432K, used 76683K [0x0000000080000000, 0x0000000100000000)
  region size 1024K, 1 young (1024K), 1 survivors (1024K)
 Metaspace       used 103313K, committed 103808K, reserved 1179648K
  class space    used 13176K, committed 13376K, reserved 1048576K
}

Dll operation events (3 events):
Event: 0.020 Loaded shared library D:\Android\Android Studio\jbr\bin\java.dll
Event: 0.301 Loaded shared library D:\Android\Android Studio\jbr\bin\zip.dll
Event: 0.917 Loaded shared library D:\Android\Android Studio\jbr\bin\verify.dll

Deoptimization events (20 events):
Event: 27.396 Thread 0x00000233218ce1a0 Uncommon trap: trap_request=0xffffffde fr.pc=0x000002330c503164 relative=0x00000000000007c4
Event: 27.396 Thread 0x00000233218ce1a0 Uncommon trap: reason=class_check action=maybe_recompile pc=0x000002330c503164 method=jdk.internal.loader.Resource.getBytes()[B @ 10 c2
Event: 27.396 Thread 0x00000233218ce1a0 DEOPT PACKING pc=0x000002330c503164 sp=0x000000966e1f9240
Event: 27.396 Thread 0x00000233218ce1a0 DEOPT UNPACKING pc=0x000002330bda69a3 sp=0x000000966e1f91e0 mode 2
Event: 27.405 Thread 0x00000233218ce1a0 Uncommon trap: trap_request=0xffffffde fr.pc=0x000002330c34384c relative=0x000000000000256c
Event: 27.405 Thread 0x00000233218ce1a0 Uncommon trap: reason=class_check action=maybe_recompile pc=0x000002330c34384c method=jdk.internal.loader.URLClassPath.getLoader(I)Ljdk/internal/loader/URLClassPath$Loader; @ 190 c2
Event: 27.405 Thread 0x00000233218ce1a0 DEOPT PACKING pc=0x000002330c34384c sp=0x000000966e1f90f0
Event: 27.405 Thread 0x00000233218ce1a0 DEOPT UNPACKING pc=0x000002330bda69a3 sp=0x000000966e1f90e0 mode 2
Event: 27.405 Thread 0x00000233218ce1a0 Uncommon trap: trap_request=0xffffffde fr.pc=0x000002330c4bda10 relative=0x00000000000004f0
Event: 27.405 Thread 0x00000233218ce1a0 Uncommon trap: reason=class_check action=maybe_recompile pc=0x000002330c4bda10 method=jdk.internal.loader.URLClassPath.getResource(Ljava/lang/String;Z)Ljdk/internal/loader/Resource; @ 53 c2
Event: 27.405 Thread 0x00000233218ce1a0 DEOPT PACKING pc=0x000002330c4bda10 sp=0x000000966e1f91b0
Event: 27.405 Thread 0x00000233218ce1a0 DEOPT UNPACKING pc=0x000002330bda69a3 sp=0x000000966e1f9170 mode 2
Event: 27.406 Thread 0x00000233218ce1a0 Uncommon trap: trap_request=0xffffffde fr.pc=0x000002330c435474 relative=0x0000000000001d54
Event: 27.406 Thread 0x00000233218ce1a0 Uncommon trap: reason=class_check action=maybe_recompile pc=0x000002330c435474 method=java.net.URLClassLoader.defineClass(Ljava/lang/String;Ljdk/internal/loader/Resource;)Ljava/lang/Class; @ 13 c2
Event: 27.406 Thread 0x00000233218ce1a0 DEOPT PACKING pc=0x000002330c435474 sp=0x000000966e1f9120
Event: 27.406 Thread 0x00000233218ce1a0 DEOPT UNPACKING pc=0x000002330bda69a3 sp=0x000000966e1f9158 mode 2
Event: 27.406 Thread 0x00000233218ce1a0 Uncommon trap: trap_request=0xffffffde fr.pc=0x000002330c503164 relative=0x00000000000007c4
Event: 27.406 Thread 0x00000233218ce1a0 Uncommon trap: reason=class_check action=maybe_recompile pc=0x000002330c503164 method=jdk.internal.loader.Resource.getBytes()[B @ 10 c2
Event: 27.406 Thread 0x00000233218ce1a0 DEOPT PACKING pc=0x000002330c503164 sp=0x000000966e1f9100
Event: 27.406 Thread 0x00000233218ce1a0 DEOPT UNPACKING pc=0x000002330bda69a3 sp=0x000000966e1f90a0 mode 2

Classes unloaded (0 events):
No events

Classes redefined (0 events):
No events

Internal exceptions (20 events):
Event: 11.313 Thread 0x00000233218ce1a0 Exception <a 'java/lang/NoSuchMethodError'{0x000000008bf7ec40}: 'java.lang.Object java.lang.invoke.Invokers$Holder.invokeExact_MT(java.lang.Object, java.lang.Object, long, java.lang.Object)'> (0x000000008bf7ec40) 
thrown [s\src\hotspot\share\interpreter\linkResolver.cpp, line 771]
Event: 13.654 Thread 0x00000233218ce1a0 Exception <a 'java/lang/NoSuchMethodError'{0x0000000083808260}: 'long java.lang.invoke.DirectMethodHandle$Holder.invokeStatic(java.lang.Object)'> (0x0000000083808260) 
thrown [s\src\hotspot\share\interpreter\linkResolver.cpp, line 771]
Event: 13.655 Thread 0x00000233218ce1a0 Exception <a 'java/lang/NoSuchMethodError'{0x000000008380ce48}: 'long java.lang.invoke.DirectMethodHandle$Holder.invokeStaticInit(java.lang.Object)'> (0x000000008380ce48) 
thrown [s\src\hotspot\share\interpreter\linkResolver.cpp, line 771]
Event: 14.020 Thread 0x00000233218ce1a0 Implicit null exception at 0x000002330c4a0b0c to 0x000002330c4a0c3e
Event: 14.721 Thread 0x00000233218ce1a0 Exception <a 'java/lang/NoSuchMethodError'{0x000000008c27b6d8}: 'void java.lang.invoke.DirectMethodHandle$Holder.invokeVirtual(java.lang.Object, java.lang.Object)'> (0x000000008c27b6d8) 
thrown [s\src\hotspot\share\interpreter\linkResolver.cpp, line 771]
Event: 15.218 Thread 0x00000233218ce1a0 Exception <a 'java/lang/NoSuchMethodError'{0x000000008f5c3ef8}: 'java.lang.Object java.lang.invoke.Invokers$Holder.invoke_MT(java.lang.Object, java.lang.Object, java.lang.Object)'> (0x000000008f5c3ef8) 
thrown [s\src\hotspot\share\interpreter\linkResolver.cpp, line 771]
Event: 19.012 Thread 0x00000233218ce1a0 Implicit null exception at 0x000002330c48086c to 0x000002330c480910
Event: 19.650 Thread 0x00000233218ce1a0 Exception <a 'java/lang/NoSuchMethodError'{0x00000000853aa040}: 'java.lang.Object java.lang.invoke.DirectMethodHandle$Holder.newInvokeSpecial(java.lang.Object, java.lang.Object, int)'> (0x00000000853aa040) 
thrown [s\src\hotspot\share\interpreter\linkResolver.cpp, line 771]
Event: 20.054 Thread 0x00000233218ce1a0 Exception <a 'java/lang/NoSuchMethodError'{0x000000008bdbab50}: 'java.lang.Object java.lang.invoke.DirectMethodHandle$Holder.invokeStatic(java.lang.Object, java.lang.Object, java.lang.Object, java.lang.Object, int)'> (0x000000008bdbab50) 
thrown [s\src\hotspot\share\interpreter\linkResolver.cpp, line 771]
Event: 20.055 Thread 0x00000233218ce1a0 Exception <a 'java/lang/NoSuchMethodError'{0x000000008bdc5ad0}: 'java.lang.Object java.lang.invoke.DirectMethodHandle$Holder.newInvokeSpecial(java.lang.Object, java.lang.Object, java.lang.Object, java.lang.Object, int)'> (0x000000008bdc5ad0) 
thrown [s\src\hotspot\share\interpreter\linkResolver.cpp, line 771]
Event: 20.056 Thread 0x00000233218ce1a0 Exception <a 'java/lang/NoSuchMethodError'{0x000000008bdcb898}: 'java.lang.Object java.lang.invoke.DirectMethodHandle$Holder.invokeSpecial(java.lang.Object, java.lang.Object, java.lang.Object, java.lang.Object, java.lang.Object, int)'> (0x000000008bdcb898) 
thrown [s\src\hotspot\share\interpreter\linkResolver.cpp, line 771]
Event: 20.057 Thread 0x00000233218ce1a0 Exception <a 'java/lang/NoSuchMethodError'{0x000000008bdd1010}: 'java.lang.Object java.lang.invoke.Invokers$Holder.linkToTargetMethod(java.lang.Object, java.lang.Object, java.lang.Object, int, java.lang.Object)'> (0x000000008bdd1010) 
thrown [s\src\hotspot\share\interpreter\linkResolver.cpp, line 771]
Event: 22.419 Thread 0x00000233218ce1a0 Implicit null exception at 0x000002330c394591 to 0x000002330c3946f8
Event: 23.648 Thread 0x00000233218ce1a0 Exception <a 'java/lang/NoSuchMethodError'{0x000000008bfec9d0}: 'java.lang.Object java.lang.invoke.DirectMethodHandle$Holder.newInvokeSpecial(java.lang.Object, java.lang.Object, java.lang.Object, int, int, java.lang.Object, java.lang.Object)'> (0x000000008bfec9d0) 
thrown [s\src\hotspot\share\interpreter\linkResolver.cpp, line 771]
Event: 27.036 Thread 0x0000023322331830 Exception <a 'sun/nio/fs/WindowsException'{0x000000008be1dad0}> (0x000000008be1dad0) 
thrown [s\src\hotspot\share\prims\jni.cpp, line 517]
Event: 27.180 Thread 0x0000023322331830 Exception <a 'sun/nio/fs/WindowsException'{0x00000000885b8de0}> (0x00000000885b8de0) 
thrown [s\src\hotspot\share\prims\jni.cpp, line 517]
Event: 27.181 Thread 0x0000023322331830 Exception <a 'sun/nio/fs/WindowsException'{0x00000000885b9010}> (0x00000000885b9010) 
thrown [s\src\hotspot\share\prims\jni.cpp, line 517]
Event: 27.498 Thread 0x00000233218ce1a0 Exception <a 'java/lang/NoSuchMethodError'{0x0000000087b1f240}: 'void java.lang.invoke.DirectMethodHandle$Holder.invokeInterface(java.lang.Object, java.lang.Object)'> (0x0000000087b1f240) 
thrown [s\src\hotspot\share\interpreter\linkResolver.cpp, line 771]
Event: 27.501 Thread 0x00000233218ce1a0 Exception <a 'java/lang/IncompatibleClassChangeError'{0x0000000087b2a4b0}: Found class java.lang.Object, but interface was expected> (0x0000000087b2a4b0) 
thrown [s\src\hotspot\share\interpreter\linkResolver.cpp, line 838]
Event: 27.565 Thread 0x00000233218ce1a0 Exception <a 'java/lang/NoSuchMethodError'{0x0000000087aea1b0}: 'java.lang.Object java.lang.invoke.DirectMethodHandle$Holder.newInvokeSpecial(java.lang.Object, int, java.lang.Object)'> (0x0000000087aea1b0) 
thrown [s\src\hotspot\share\interpreter\linkResolver.cpp, line 771]

VM Operations (20 events):
Event: 26.052 Executing VM operation: ICBufferFull
Event: 26.052 Executing VM operation: ICBufferFull done
Event: 26.106 Executing VM operation: HandshakeAllThreads
Event: 26.107 Executing VM operation: HandshakeAllThreads done
Event: 26.490 Executing VM operation: G1CollectForAllocation
Event: 26.494 Executing VM operation: G1CollectForAllocation done
Event: 26.682 Executing VM operation: G1CollectForAllocation
Event: 26.689 Executing VM operation: G1CollectForAllocation done
Event: 26.940 Executing VM operation: HandshakeAllThreads
Event: 26.940 Executing VM operation: HandshakeAllThreads done
Event: 27.136 Executing VM operation: HandshakeAllThreads
Event: 27.136 Executing VM operation: HandshakeAllThreads done
Event: 27.144 Executing VM operation: HandshakeAllThreads
Event: 27.144 Executing VM operation: HandshakeAllThreads done
Event: 27.145 Executing VM operation: HandshakeAllThreads
Event: 27.146 Executing VM operation: HandshakeAllThreads done
Event: 27.312 Executing VM operation: HandshakeAllThreads
Event: 27.312 Executing VM operation: HandshakeAllThreads done
Event: 27.361 Executing VM operation: HandshakeAllThreads
Event: 27.361 Executing VM operation: HandshakeAllThreads done

Events (20 events):
Event: 27.178 loading class java/nio/file/StandardCopyOption done
Event: 27.179 loading class sun/nio/fs/WindowsFileCopy
Event: 27.179 loading class sun/nio/fs/WindowsFileCopy done
Event: 27.197 loading class jdk/internal/loader/URLClassPath$FileLoader
Event: 27.198 loading class jdk/internal/loader/URLClassPath$FileLoader done
Event: 27.199 loading class jdk/internal/loader/URLClassPath$FileLoader$1
Event: 27.199 loading class jdk/internal/loader/URLClassPath$FileLoader$1 done
Event: 27.280 loading class sun/reflect/generics/tree/BooleanSignature
Event: 27.280 loading class sun/reflect/generics/tree/BooleanSignature done
Event: 27.362 Thread 0x000002331b49ff30 flushing nmethod 0x000002330c32a410
Event: 27.362 Thread 0x000002331b49ff30 flushing nmethod 0x000002330c32b310
Event: 27.362 Thread 0x000002331b49ff30 flushing nmethod 0x000002330c346b10
Event: 27.362 Thread 0x000002331b49ff30 flushing nmethod 0x000002330c3a0990
Event: 27.362 Thread 0x000002331b49ff30 flushing nmethod 0x000002330c3d1010
Event: 27.363 Thread 0x000002331b49ff30 flushing nmethod 0x000002330c4d1390
Event: 27.364 Thread 0x000002331b49ff30 flushing nmethod 0x000002330c50a690
Event: 27.364 Thread 0x000002331b49ff30 flushing nmethod 0x000002330c511a10
Event: 27.364 Thread 0x000002331b49ff30 flushing nmethod 0x000002330c565f90
Event: 27.365 Thread 0x000002331b49ff30 flushing nmethod 0x0000023304857d10
Event: 27.377 Thread 0x000002331b49ff30 flushing nmethod 0x000002330510ba10


Dynamic libraries:
0x00007ff6fe200000 - 0x00007ff6fe20a000 	D:\Android\Android Studio\jbr\bin\java.exe
0x00007ffee67d0000 - 0x00007ffee69e4000 	C:\Windows\SYSTEM32\ntdll.dll
0x00007ffee59c0000 - 0x00007ffee5a83000 	C:\Windows\System32\KERNEL32.DLL
0x00007ffee3de0000 - 0x00007ffee417d000 	C:\Windows\System32\KERNELBASE.dll
0x00007ffee06e0000 - 0x00007ffee0777000 	C:\Windows\SYSTEM32\apphelp.dll
0x00007ffee4220000 - 0x00007ffee4331000 	C:\Windows\System32\ucrtbase.dll
0x00007ffe9a280000 - 0x00007ffe9a297000 	D:\Android\Android Studio\jbr\bin\jli.dll
0x00007ffedab60000 - 0x00007ffedab7b000 	D:\Android\Android Studio\jbr\bin\VCRUNTIME140.dll
0x00007ffee5c30000 - 0x00007ffee5ddd000 	C:\Windows\System32\USER32.dll
0x00007ffee4340000 - 0x00007ffee4366000 	C:\Windows\System32\win32u.dll
0x00007ffec8600000 - 0x00007ffec888e000 	C:\Windows\WinSxS\amd64_microsoft.windows.common-controls_6595b64144ccf1df_6.0.22621.608_none_a9444ca7c10bb01d\COMCTL32.dll
0x00007ffee4da0000 - 0x00007ffee4dc9000 	C:\Windows\System32\GDI32.dll
0x00007ffee44a0000 - 0x00007ffee45b2000 	C:\Windows\System32\gdi32full.dll
0x00007ffee4180000 - 0x00007ffee421a000 	C:\Windows\System32\msvcp_win.dll
0x00007ffee5680000 - 0x00007ffee5727000 	C:\Windows\System32\msvcrt.dll
0x00007ffee5df0000 - 0x00007ffee5e22000 	C:\Windows\System32\IMM32.DLL
0x00007ffedf080000 - 0x00007ffedf08c000 	D:\Android\Android Studio\jbr\bin\vcruntime140_1.dll
0x00007ffea1840000 - 0x00007ffea18cd000 	D:\Android\Android Studio\jbr\bin\msvcp140.dll
0x00007ffe97970000 - 0x00007ffe985f0000 	D:\Android\Android Studio\jbr\bin\server\jvm.dll
0x00007ffee4b90000 - 0x00007ffee4c3e000 	C:\Windows\System32\ADVAPI32.dll
0x00007ffee55c0000 - 0x00007ffee5664000 	C:\Windows\System32\sechost.dll
0x00007ffee5790000 - 0x00007ffee58a5000 	C:\Windows\System32\RPCRT4.dll
0x00007ffebeaa0000 - 0x00007ffebeaa9000 	C:\Windows\SYSTEM32\WSOCK32.dll
0x00007ffedcac0000 - 0x00007ffedcaf4000 	C:\Windows\SYSTEM32\WINMM.dll
0x00007ffed9060000 - 0x00007ffed906a000 	C:\Windows\SYSTEM32\VERSION.dll
0x00007ffee58b0000 - 0x00007ffee5921000 	C:\Windows\System32\WS2_32.dll
0x00007ffee2bf0000 - 0x00007ffee2c08000 	C:\Windows\SYSTEM32\kernel.appcore.dll
0x00007ffebaf60000 - 0x00007ffebaf6a000 	D:\Android\Android Studio\jbr\bin\jimage.dll
0x00007ffee1810000 - 0x00007ffee1a3e000 	C:\Windows\SYSTEM32\DBGHELP.DLL
0x00007ffee4800000 - 0x00007ffee4b8a000 	C:\Windows\System32\combase.dll
0x00007ffee46d0000 - 0x00007ffee47a7000 	C:\Windows\System32\OLEAUT32.dll
0x00007ffecee40000 - 0x00007ffecee72000 	C:\Windows\SYSTEM32\dbgcore.DLL
0x00007ffee3bf0000 - 0x00007ffee3c6b000 	C:\Windows\System32\bcryptPrimitives.dll
0x00007ffeabaa0000 - 0x00007ffeabaae000 	D:\Android\Android Studio\jbr\bin\instrument.dll
0x00007ffea2970000 - 0x00007ffea2995000 	D:\Android\Android Studio\jbr\bin\java.dll
0x00007ffe9a830000 - 0x00007ffe9a848000 	D:\Android\Android Studio\jbr\bin\zip.dll
0x00007ffee4dd0000 - 0x00007ffee55bf000 	C:\Windows\System32\SHELL32.dll
0x00007ffee1bd0000 - 0x00007ffee2498000 	C:\Windows\SYSTEM32\windows.storage.dll
0x00007ffee1a90000 - 0x00007ffee1bce000 	C:\Windows\SYSTEM32\wintypes.dll
0x00007ffee4ca0000 - 0x00007ffee4d91000 	C:\Windows\System32\SHCORE.dll
0x00007ffee5730000 - 0x00007ffee578e000 	C:\Windows\System32\shlwapi.dll
0x00007ffee3b20000 - 0x00007ffee3b41000 	C:\Windows\SYSTEM32\profapi.dll
0x00007ffe9a400000 - 0x00007ffe9a419000 	D:\Android\Android Studio\jbr\bin\net.dll
0x00007ffede030000 - 0x00007ffede15f000 	C:\Windows\SYSTEM32\WINHTTP.dll
0x00007ffee30b0000 - 0x00007ffee3119000 	C:\Windows\system32\mswsock.dll
0x00007ffe9a3e0000 - 0x00007ffe9a3f6000 	D:\Android\Android Studio\jbr\bin\nio.dll
0x00007ffeba970000 - 0x00007ffeba980000 	D:\Android\Android Studio\jbr\bin\verify.dll
0x00007ffec22d0000 - 0x00007ffec22f7000 	C:\Program Files\Java\jdk-19.0.2\native\68d5fa5c4cc2d200863cafc0d521ce42e7d3e7ee720ec0a83991735586a16f82\windows-amd64\native-platform.dll
0x00007ffea2820000 - 0x00007ffea2964000 	C:\Program Files\Java\jdk-19.0.2\native\e376f236ea51e6404a007f0833ffe2c6e607c4080706a723a18a27aeea778392\windows-amd64\native-platform-file-events.dll
0x00007ffeb6a90000 - 0x00007ffeb6a99000 	D:\Android\Android Studio\jbr\bin\management.dll
0x00007ffeafc80000 - 0x00007ffeafc8b000 	D:\Android\Android Studio\jbr\bin\management_ext.dll
0x00007ffee5ea0000 - 0x00007ffee5ea8000 	C:\Windows\System32\PSAPI.DLL
0x00007ffee3300000 - 0x00007ffee331b000 	C:\Windows\SYSTEM32\CRYPTSP.dll
0x00007ffee2bb0000 - 0x00007ffee2be5000 	C:\Windows\system32\rsaenh.dll
0x00007ffee31a0000 - 0x00007ffee31c8000 	C:\Windows\SYSTEM32\USERENV.dll
0x00007ffee34c0000 - 0x00007ffee34e8000 	C:\Windows\SYSTEM32\bcrypt.dll
0x00007ffee3320000 - 0x00007ffee332c000 	C:\Windows\SYSTEM32\CRYPTBASE.dll
0x00007ffee26f0000 - 0x00007ffee271d000 	C:\Windows\SYSTEM32\IPHLPAPI.DLL
0x00007ffee5670000 - 0x00007ffee5679000 	C:\Windows\System32\NSI.dll
0x00007ffeddac0000 - 0x00007ffeddad9000 	C:\Windows\SYSTEM32\dhcpcsvc6.DLL
0x00007ffedd5d0000 - 0x00007ffedd5ef000 	C:\Windows\SYSTEM32\dhcpcsvc.DLL
0x00007ffee2760000 - 0x00007ffee2852000 	C:\Windows\SYSTEM32\DNSAPI.dll
0x00007ffeb9e00000 - 0x00007ffeb9e08000 	C:\Windows\system32\wshunix.dll

dbghelp: loaded successfully - version: 4.0.5 - missing functions: none
symbol engine: initialized successfully - sym options: 0x614 - pdb path: .;D:\Android\Android Studio\jbr\bin;C:\Windows\SYSTEM32;C:\Windows\WinSxS\amd64_microsoft.windows.common-controls_6595b64144ccf1df_6.0.22621.608_none_a9444ca7c10bb01d;D:\Android\Android Studio\jbr\bin\server;C:\Program Files\Java\jdk-19.0.2\native\68d5fa5c4cc2d200863cafc0d521ce42e7d3e7ee720ec0a83991735586a16f82\windows-amd64;C:\Program Files\Java\jdk-19.0.2\native\e376f236ea51e6404a007f0833ffe2c6e607c4080706a723a18a27aeea778392\windows-amd64

VM Arguments:
jvm_args: --add-opens=java.base/java.util=ALL-UNNAMED --add-opens=java.base/java.lang=ALL-UNNAMED --add-opens=java.base/java.lang.invoke=ALL-UNNAMED --add-opens=java.prefs/java.util.prefs=ALL-UNNAMED --add-opens=java.base/java.nio.charset=ALL-UNNAMED --add-opens=java.base/java.net=ALL-UNNAMED --add-opens=java.base/java.util.concurrent.atomic=ALL-UNNAMED -Xmx2048m -Dfile.encoding=UTF-8 -Duser.country=US -Duser.language=en -Duser.variant -javaagent:C:\Program Files\Java\jdk-19.0.2\wrapper\dists\gradle-8.2-bin\bbg7u40eoinfdyxsxr3z4i7ta\gradle-8.2\lib\agents\gradle-instrumentation-agent-8.2.jar 
java_command: org.gradle.launcher.daemon.bootstrap.GradleDaemon 8.2
java_class_path (initial): C:\Program Files\Java\jdk-19.0.2\wrapper\dists\gradle-8.2-bin\bbg7u40eoinfdyxsxr3z4i7ta\gradle-8.2\lib\gradle-launcher-8.2.jar
Launcher Type: SUN_STANDARD

[Global flags]
     intx CICompilerCount                          = 4                                         {product} {ergonomic}
     uint ConcGCThreads                            = 3                                         {product} {ergonomic}
     uint G1ConcRefinementThreads                  = 10                                        {product} {ergonomic}
   size_t G1HeapRegionSize                         = 1048576                                   {product} {ergonomic}
    uintx GCDrainStackTargetSize                   = 64                                        {product} {ergonomic}
   size_t InitialHeapSize                          = 257949696                                 {product} {ergonomic}
   size_t MarkStackSize                            = 4194304                                   {product} {ergonomic}
   size_t MaxHeapSize                              = 2147483648                                {product} {command line}
   size_t MaxNewSize                               = 1287651328                                {product} {ergonomic}
   size_t MinHeapDeltaBytes                        = 1048576                                   {product} {ergonomic}
   size_t MinHeapSize                              = 8388608                                   {product} {ergonomic}
    uintx NonNMethodCodeHeapSize                   = 5839372                                {pd product} {ergonomic}
    uintx NonProfiledCodeHeapSize                  = 122909434                              {pd product} {ergonomic}
    uintx ProfiledCodeHeapSize                     = 122909434                              {pd product} {ergonomic}
    uintx ReservedCodeCacheSize                    = 251658240                              {pd product} {ergonomic}
     bool SegmentedCodeCache                       = true                                      {product} {ergonomic}
   size_t SoftMaxHeapSize                          = 2147483648                             {manageable} {ergonomic}
     bool UseCompressedClassPointers               = true                           {product lp64_product} {ergonomic}
     bool UseCompressedOops                        = true                           {product lp64_product} {ergonomic}
     bool UseG1GC                                  = true                                      {product} {ergonomic}
     bool UseLargePagesIndividualAllocation        = false                                  {pd product} {ergonomic}

Logging:
Log output configuration:
 #0: stdout all=warning uptime,level,tags
 #1: stderr all=off uptime,level,tags

Environment Variables:
JAVA_HOME=C:\Program Files\Java\jdk-20
PATH=C:\Program Files\Common Files\Oracle\Java\javapath;C:\ProgramData\Oracle\Java\javapath;C:\Program Files\Eclipse Adoptium\jdk-17.0.7.7-hotspot\bin;C:\Program Files (x86)\Common Files\Oracle\Java\javapath;C:\Windows\system32;C:\Windows;C:\Windows\System32\Wbem;C:\Windows\System32\WindowsPowerShell\v1.0\;C:\Windows\System32\OpenSSH\;C:\Program Files\Microsoft VS Code\bin;C:\Program Files\Git\cmd;C:\Program Files\Java\jdk-19.0.2\bin;C:\MinGW\mingw32\bin;C:\Program Files\Python311;C:\Program Files\Python311\Scripts;C:\Users\amazon\AppData\Roaming\Python\Python311\site-packages;C:\Users\amazon\AppData\Roaming\Python\Python311\Scripts;C:\Users\amazon\AppData\Roaming\Python\Python311\Scripts\pyinstaller.exe;C:\ProgramData\chocolatey\bin;C:\Program Files\nodejs;C:\Program Files\nodejs\;C:\Program Files\dotnet\;C:\Program Files\MySQL\MySQL Shell 8.0\bin\;C:\Users\amazon\AppData\Local\Microsoft\WindowsApps;D:\IntelliJ IDE\IntelliJ IDEA 2023.3.4\bin;C:\Users\amazon\tensorflow_env;C:\Users\amazon\AppData\Roaming\npm;C:\Users\amazon\.dotnet\tools
USERNAME=amazon
OS=Windows_NT
PROCESSOR_IDENTIFIER=AMD64 Family 23 Model 104 Stepping 1, AuthenticAMD
TMP=C:\Users\amazon\AppData\Local\Temp
TEMP=C:\Users\amazon\AppData\Local\Temp


JNI global refs:
JNI global refs: 24, weak refs: 0

JNI global refs memory usage: 843, weak refs: 841

OOME stack traces (most recent first):
Classloader memory used:
Loader org.gradle.internal.classloader.VisitableURLClassLoader                         : 10095K
Loader bootstrap                                                                       : 2492K
Loader org.gradle.initialization.MixInLegacyTypesClassLoader                           : 550K
Loader jdk.internal.loader.ClassLoaders$PlatformClassLoader                            : 65577B
Loader jdk.internal.jrtfs.JrtFileSystemProvider$JrtFsLoader                            : 42194B
Loader jdk.internal.loader.ClassLoaders$AppClassLoader                                 : 28457B
Loader jdk.internal.reflect.DelegatingClassLoader                                      : 4487B
Loader org.gradle.groovy.scripts.internal.DefaultScriptCompilationHandler$ScriptClassLoader: 1712B
Loader org.gradle.internal.classloader.VisitableURLClassLoader$InstrumentingVisitableURLClassLoader: 1542B
Loader org.codehaus.groovy.runtime.callsite.CallSiteClassLoader                        : 356B

Classes loaded by more than one classloader:
Class org.gradle.internal.installation.GradleInstallation                             : loaded 2 times (x 73B)
Class org.gradle.internal.classpath.ClassPath                                         : loaded 2 times (x 68B)
Class org.gradle.api.internal.classpath.DefaultModuleRegistry                         : loaded 2 times (x 84B)
Class jdk.internal.jimage.BasicImageReader$1                                          : loaded 2 times (x 75B)
Class org.gradle.api.Action                                                           : loaded 2 times (x 68B)
Class jdk.internal.jimage.ImageBufferCache$1                                          : loaded 2 times (x 78B)
Class jdk.internal.jimage.ImageBufferCache$2                                          : loaded 2 times (x 89B)
Class org.gradle.api.internal.DefaultClassPathProvider                                : loaded 2 times (x 74B)
Class org.gradle.internal.installation.GradleInstallation$1                           : loaded 2 times (x 73B)
Class jdk.internal.jrtfs.SystemImage$1                                                : loaded 2 times (x 76B)
Class jdk.internal.jrtfs.SystemImage$2                                                : loaded 2 times (x 74B)
Class org.gradle.internal.classloader.FilteringClassLoader                            : loaded 2 times (x 102B)
Class jdk.internal.jimage.ImageReader$Resource                                        : loaded 2 times (x 82B)
Class jdk.internal.jrtfs.SystemImage                                                  : loaded 2 times (x 72B)
Class org.gradle.internal.classpath.DefaultClassPath$ImmutableUniqueList$Builder      : loaded 2 times (x 73B)
Class jdk.internal.jrtfs.JrtDirectoryStream$1                                         : loaded 2 times (x 81B)
Class org.gradle.internal.classloader.ClassLoaderVisitor                              : loaded 2 times (x 74B)
Class org.gradle.internal.service.DefaultServiceLocator                               : loaded 2 times (x 81B)
Class org.gradle.internal.service.UnknownServiceException                             : loaded 2 times (x 81B)
Class org.gradle.internal.classloader.DefaultClassLoaderFactory                       : loaded 2 times (x 80B)
Class jdk.internal.jimage.ImageReader$SharedImageReader                               : loaded 2 times (x 93B)
Class jdk.internal.jimage.decompressor.ZipDecompressorFactory                         : loaded 2 times (x 72B)
Class org.gradle.internal.classloader.VisitableURLClassLoader$Spec                    : loaded 2 times (x 72B)
Class org.gradle.api.GradleException                                                  : loaded 2 times (x 80B)
Class org.gradle.api.internal.classpath.ModuleRegistry                                : loaded 2 times (x 68B)
Class org.gradle.api.internal.ClassPathProvider                                       : loaded 2 times (x 68B)
Class org.gradle.internal.classloader.ClasspathUtil$1                                 : loaded 2 times (x 74B)
Class org.gradle.internal.classloader.ClassLoaderFactory                              : loaded 2 times (x 68B)
Class jdk.internal.jimage.ImageHeader                                                 : loaded 2 times (x 69B)
Class org.gradle.api.internal.classpath.ManifestUtil                                  : loaded 2 times (x 69B)
Class org.gradle.api.specs.Spec                                                       : loaded 2 times (x 68B)
Class org.gradle.internal.IoActions                                                   : loaded 2 times (x 69B)
Class jdk.internal.jimage.decompressor.StringSharingDecompressorFactory               : loaded 2 times (x 72B)
Class org.gradle.api.internal.classpath.EffectiveClassPath                            : loaded 2 times (x 88B)
Class org.gradle.internal.installation.CurrentGradleInstallation                      : loaded 2 times (x 71B)
Class org.gradle.internal.agents.InstrumentingClassLoader                             : loaded 2 times (x 68B)
Class org.gradle.internal.installation.CurrentGradleInstallationLocator               : loaded 2 times (x 69B)
Class org.gradle.api.internal.classpath.Module                                        : loaded 2 times (x 68B)
Class org.gradle.internal.service.CachingServiceLocator                               : loaded 2 times (x 80B)
Class org.gradle.internal.classpath.DefaultClassPath                                  : loaded 2 times (x 88B)
Class jdk.internal.jimage.BasicImageReader                                            : loaded 2 times (x 93B)
Class jdk.internal.jimage.ImageLocation                                               : loaded 2 times (x 88B)
Class jdk.internal.jimage.ImageReader$Node                                            : loaded 2 times (x 82B)
Class jdk.internal.jimage.decompressor.CompressedResourceHeader                       : loaded 2 times (x 69B)
Class jdk.internal.jrtfs.JrtPath                                                      : loaded 2 times (x 116B)
Class jdk.internal.jimage.ImageStrings                                                : loaded 2 times (x 68B)
Class jdk.internal.jrtfs.JrtFileAttributes                                            : loaded 2 times (x 81B)
Class org.gradle.internal.classloader.SystemClassLoaderSpec                           : loaded 2 times (x 69B)
Class jdk.internal.jimage.decompressor.ResourceDecompressorRepository                 : loaded 2 times (x 69B)
Class org.gradle.api.UncheckedIOException                                             : loaded 2 times (x 80B)
Class jdk.internal.jimage.decompressor.ResourceDecompressor$StringsProvider           : loaded 2 times (x 68B)
Class jdk.internal.jimage.decompressor.Decompressor                                   : loaded 2 times (x 70B)
Class jdk.internal.jrtfs.JrtFileSystem                                                : loaded 2 times (x 100B)
Class jdk.internal.jrtfs.JrtFileSystemProvider                                        : loaded 2 times (x 97B)
Class org.gradle.internal.classloader.ClasspathUtil                                   : loaded 2 times (x 69B)
Class jdk.internal.jrtfs.JrtDirectoryStream                                           : loaded 2 times (x 87B)
Class jdk.internal.jimage.decompressor.ResourceDecompressor                           : loaded 2 times (x 68B)
Class org.gradle.api.internal.DefaultClassPathRegistry                                : loaded 2 times (x 74B)
Class org.gradle.api.internal.classpath.DefaultModuleRegistry$DefaultModule           : loaded 2 times (x 84B)
Class org.gradle.api.internal.classpath.UnknownModuleException                        : loaded 2 times (x 80B)
Class org.gradle.internal.service.ServiceLookupException                              : loaded 2 times (x 80B)
Class jdk.internal.jimage.ImageStringsReader                                          : loaded 2 times (x 78B)
Class org.gradle.cache.GlobalCache                                                    : loaded 2 times (x 68B)
Class jdk.internal.jimage.decompressor.ResourceDecompressorFactory                    : loaded 2 times (x 72B)
Class [Lorg.gradle.api.internal.ClassPathProvider;                                    : loaded 2 times (x 67B)
Class jdk.internal.jimage.ImageReader$SharedImageReader$LocationVisitor               : loaded 2 times (x 68B)
Class org.gradle.util.internal.GUtil                                                  : loaded 2 times (x 69B)
Class jdk.internal.jimage.decompressor.ZipDecompressor                                : loaded 2 times (x 73B)
Class org.gradle.internal.classloader.ClassLoaderSpec                                 : loaded 2 times (x 69B)
Class org.gradle.internal.classloader.VisitableURLClassLoader                         : loaded 2 times (x 114B)
Class org.gradle.internal.Cast                                                        : loaded 2 times (x 69B)
Class org.gradle.api.internal.ClassPathRegistry                                       : loaded 2 times (x 68B)
Class org.gradle.internal.classloader.VisitableURLClassLoader$InstrumentingVisitableURLClassLoader: loaded 2 times (x 120B)
Class org.gradle.internal.classloader.ClassLoaderHierarchy                            : loaded 2 times (x 68B)
Class jdk.internal.jimage.ImageReader                                                 : loaded 2 times (x 73B)
Class org.gradle.internal.InternalTransformer                                         : loaded 2 times (x 68B)
Class org.gradle.internal.service.ServiceLocator                                      : loaded 2 times (x 68B)
Class org.gradle.internal.classpath.DefaultClassPath$ImmutableUniqueList              : loaded 2 times (x 159B)
Class jdk.internal.jimage.ImageBufferCache                                            : loaded 2 times (x 69B)
Class org.gradle.internal.classpath.TransformedClassPath                              : loaded 2 times (x 94B)
Class jdk.internal.jimage.ImageReader$Directory                                       : loaded 2 times (x 82B)


---------------  S Y S T E M  ---------------

OS:
 Windows 11 , 64 bit Build 22621 (10.0.22621.1105)
OS uptime: 0 days 3:14 hours
Hyper-V role detected

CPU: total 12 (initial active 12) (12 cores per cpu, 2 threads per core) family 23 model 104 stepping 1 microcode 0x0, cx8, cmov, fxsr, ht, mmx, 3dnowpref, sse, sse2, sse3, ssse3, sse4a, sse4.1, sse4.2, popcnt, lzcnt, tsc, tscinvbit, avx, avx2, aes, clmul, bmi1, bmi2, adx, sha, fma, vzeroupper, clflush, clflushopt, hv

Memory: 4k page, system-wide physical 15706M (189M free)
TotalPageFile size 17754M (AvailPageFile size 4M)
current process WorkingSet (physical memory assigned to process): 379M, peak: 379M
current process commit charge ("private bytes"): 413M, peak: 415M

vm_info: OpenJDK 64-Bit Server VM (17.0.7+0-b2043.56-10550314) for windows-amd64 JRE (17.0.7+0-b2043.56-10550314), built on Jul 24 2023 18:27:45 by "androidbuild" with MS VC++ 16.10 / 16.11 (VS2019)

END.
