#
# There is insufficient memory for the Java Runtime Environment to continue.
# Native memory allocation (mmap) failed to map 257949696 bytes for G1 virtual space
# Possible reasons:
#   The system is out of physical RAM or swap space
#   The process is running with CompressedOops enabled, and the Java Heap may be blocking the growth of the native heap
# Possible solutions:
#   Reduce memory load on the system
#   Increase physical memory or swap space
#   Check if swap backing store is full
#   Decrease Java heap size (-Xmx/-Xms)
#   Decrease number of Java threads
#   Decrease Java thread stack sizes (-Xss)
#   Set larger code cache with -XX:ReservedCodeCacheSize=
#   JVM is running with Zero Based Compressed Oops mode in which the Java heap is
#     placed in the first 32GB address space. The Java Heap base address is the
#     maximum limit for the native heap growth. Please use -XX:HeapBaseMinAddress
#     to set the Java Heap base and to place the Java Heap above 32GB virtual address.
# This output file may be truncated or incomplete.
#
#  Out of Memory Error (os_windows.cpp:3771), pid=17208, tid=11376
#
# JRE version:  (17.0.7) (build )
# Java VM: OpenJDK 64-Bit Server VM (17.0.7+0-b2043.56-10550314, mixed mode, sharing, tiered, compressed oops, compressed class ptrs, g1 gc, windows-amd64)
# No core dump will be written. Minidumps are not enabled by default on client versions of Windows
#

---------------  S U M M A R Y ------------

Command Line: git4idea.http.GitAskPassApp Username for 'https://github.com': 

Host: AMD Ryzen 5 5500U with Radeon Graphics         , 12 cores, 15G,  Windows 11 , 64 bit Build 22621 (10.0.22621.1105)
Time: Thu Feb 29 20:25:57 2024 India Standard Time elapsed time: 0.015007 seconds (0d 0h 0m 0s)

---------------  T H R E A D  ---------------

Current thread (0x000001f2844a3da0):  JavaThread "Unknown thread" [_thread_in_vm, id=11376, stack(0x000000800a400000,0x000000800a500000)]

Stack: [0x000000800a400000,0x000000800a500000]
Native frames: (J=compiled Java code, j=interpreted, Vv=VM code, C=native code)
V  [jvm.dll+0x683bfa]
V  [jvm.dll+0x8430a4]
V  [jvm.dll+0x8449be]
V  [jvm.dll+0x845023]
V  [jvm.dll+0x24ad2f]
V  [jvm.dll+0x680ac9]
V  [jvm.dll+0x67519a]
V  [jvm.dll+0x30b3cb]
V  [jvm.dll+0x312876]
V  [jvm.dll+0x36221e]
V  [jvm.dll+0x36244f]
V  [jvm.dll+0x2e14a8]
V  [jvm.dll+0x2e2414]
V  [jvm.dll+0x814391]
V  [jvm.dll+0x36ffe1]
V  [jvm.dll+0x7f396c]
V  [jvm.dll+0x3f305f]
V  [jvm.dll+0x3f4b91]
C  [jli.dll+0x528f]
C  [ucrtbase.dll+0x29363]
C  [KERNEL32.DLL+0x126bd]
C  [ntdll.dll+0x5dfb8]


---------------  P R O C E S S  ---------------

Threads class SMR info:
_java_thread_list=0x00007ffbf9b0d098, length=0, elements={
}

Java Threads: ( => current thread )

Other Threads:
  0x000001f284510130 GCTaskThread "GC Thread#0" [stack: 0x000000800a500000,0x000000800a600000] [id=17976]
  0x000001f2845204f0 ConcurrentGCThread "G1 Main Marker" [stack: 0x000000800a600000,0x000000800a700000] [id=7808]
  0x000001f284521f70 ConcurrentGCThread "G1 Conc#0" [stack: 0x000000800a700000,0x000000800a800000] [id=16304]

[error occurred during error reporting (printing all threads), id 0xc0000005, EXCEPTION_ACCESS_VIOLATION (0xc0000005) at pc=0x00007ffbf92c2087]

VM state: not at safepoint (not fully initialized)

VM Mutex/Monitor currently owned by a thread:  ([mutex/lock_event])
[0x000001f28449ff90] Heap_lock - owner thread: 0x000001f2844a3da0

Heap address: 0x000000070a800000, size: 3928 MB, Compressed Oops mode: Zero based, Oop shift amount: 3

CDS archive(s) mapped at: [0x0000000000000000-0x0000000000000000-0x0000000000000000), size 0, SharedBaseAddress: 0x0000000800000000, ArchiveRelocationMode: 0.
Narrow klass base: 0x0000000000000000, Narrow klass shift: 0, Narrow klass range: 0x0

GC Precious Log:
<Empty>

Heap:
 garbage-first heap   total 0K, used 0K [0x000000070a800000, 0x0000000800000000)
  region size 2048K, 0 young (0K), 0 survivors (0K)
 Metaspace       used 0K, committed 0K, reserved 0K
  class space    used 0K, committed 0K, reserved 0K

Heap Regions: E=young(eden), S=young(survivor), O=old, HS=humongous(starts), HC=humongous(continues), CS=collection set, F=free, OA=open archive, CA=closed archive, TAMS=top-at-mark-start (previous, next)

Card table byte_map: [0x000001f299580000,0x000001f299d30000] _byte_map_base: 0x000001f295d2c000

Marking Bits (Prev, Next): (CMBitMap*) 0x000001f284510640, (CMBitMap*) 0x000001f284510680
 Prev Bits: [0x000001f29a4e0000, 0x000001f29e240000)
 Next Bits: [0x000001f29e240000, 0x000001f2a1fa0000)

GC Heap History (0 events):
No events

Dll operation events (1 events):
Event: 0.010 Loaded shared library D:\Android\Android Studio\jbr\bin\java.dll

Deoptimization events (0 events):
No events

Classes unloaded (0 events):
No events

Classes redefined (0 events):
No events

Internal exceptions (0 events):
No events

VM Operations (0 events):
No events

Events (0 events):
No events


Dynamic libraries:
0x00007ff7fa950000 - 0x00007ff7fa95a000 	D:\Android\Android Studio\jbr\bin\java.exe
0x00007ffc770d0000 - 0x00007ffc772e4000 	C:\Windows\SYSTEM32\ntdll.dll
0x00007ffc768d0000 - 0x00007ffc76993000 	C:\Windows\System32\KERNEL32.DLL
0x00007ffc748e0000 - 0x00007ffc74c7d000 	C:\Windows\System32\KERNELBASE.dll
0x00007ffc705b0000 - 0x00007ffc70647000 	C:\Windows\SYSTEM32\apphelp.dll
0x00007ffc747c0000 - 0x00007ffc748d1000 	C:\Windows\System32\ucrtbase.dll
0x00007ffc396f0000 - 0x00007ffc39707000 	D:\Android\Android Studio\jbr\bin\jli.dll
0x00007ffbeb050000 - 0x00007ffbeb06b000 	D:\Android\Android Studio\jbr\bin\VCRUNTIME140.dll
0x00007ffc759e0000 - 0x00007ffc75b8d000 	C:\Windows\System32\USER32.dll
0x00007ffc74c80000 - 0x00007ffc74ca6000 	C:\Windows\System32\win32u.dll
0x00007ffc737d0000 - 0x00007ffc73a5e000 	C:\Windows\WinSxS\amd64_microsoft.windows.common-controls_6595b64144ccf1df_6.0.22621.608_none_a9444ca7c10bb01d\COMCTL32.dll
0x00007ffc75460000 - 0x00007ffc75489000 	C:\Windows\System32\GDI32.dll
0x00007ffc76f30000 - 0x00007ffc76fd7000 	C:\Windows\System32\msvcrt.dll
0x00007ffc74d20000 - 0x00007ffc74e32000 	C:\Windows\System32\gdi32full.dll
0x00007ffc745b0000 - 0x00007ffc7464a000 	C:\Windows\System32\msvcp_win.dll
0x00007ffc76ef0000 - 0x00007ffc76f22000 	C:\Windows\System32\IMM32.DLL
0x00007ffbffc80000 - 0x00007ffbffc8c000 	D:\Android\Android Studio\jbr\bin\vcruntime140_1.dll
0x00007ffbeaaa0000 - 0x00007ffbeab2d000 	D:\Android\Android Studio\jbr\bin\msvcp140.dll
0x00007ffbf8fd0000 - 0x00007ffbf9c50000 	D:\Android\Android Studio\jbr\bin\server\jvm.dll
0x00007ffc76410000 - 0x00007ffc764be000 	C:\Windows\System32\ADVAPI32.dll
0x00007ffc76fe0000 - 0x00007ffc77084000 	C:\Windows\System32\sechost.dll
0x00007ffc74f10000 - 0x00007ffc75025000 	C:\Windows\System32\RPCRT4.dll
0x00007ffc64cb0000 - 0x00007ffc64cb9000 	C:\Windows\SYSTEM32\WSOCK32.dll
0x00007ffc6a980000 - 0x00007ffc6a98a000 	C:\Windows\SYSTEM32\VERSION.dll
0x00007ffc6c5e0000 - 0x00007ffc6c614000 	C:\Windows\SYSTEM32\WINMM.dll
0x00007ffc75030000 - 0x00007ffc750a1000 	C:\Windows\System32\WS2_32.dll
0x00007ffc72e50000 - 0x00007ffc72e68000 	C:\Windows\SYSTEM32\kernel.appcore.dll
0x00007ffc62710000 - 0x00007ffc6271a000 	D:\Android\Android Studio\jbr\bin\jimage.dll
0x00007ffc73de0000 - 0x00007ffc7400e000 	C:\Windows\SYSTEM32\DBGHELP.DLL
0x00007ffc76aa0000 - 0x00007ffc76e2a000 	C:\Windows\System32\combase.dll
0x00007ffc750b0000 - 0x00007ffc75187000 	C:\Windows\System32\OLEAUT32.dll
0x00007ffc73ca0000 - 0x00007ffc73cd2000 	C:\Windows\SYSTEM32\dbgcore.DLL
0x00007ffc74e40000 - 0x00007ffc74ebb000 	C:\Windows\System32\bcryptPrimitives.dll
0x00007ffc47840000 - 0x00007ffc47865000 	D:\Android\Android Studio\jbr\bin\java.dll

dbghelp: loaded successfully - version: 4.0.5 - missing functions: none
symbol engine: initialized successfully - sym options: 0x614 - pdb path: .;D:\Android\Android Studio\jbr\bin;C:\Windows\SYSTEM32;C:\Windows\WinSxS\amd64_microsoft.windows.common-controls_6595b64144ccf1df_6.0.22621.608_none_a9444ca7c10bb01d;D:\Android\Android Studio\jbr\bin\server

VM Arguments:
java_command: git4idea.http.GitAskPassApp Username for 'https://github.com': 
java_class_path (initial): D:/Android/Android Studio/plugins/vcs-git/lib/git4idea-rt.jar;D:/Android/Android Studio/lib/externalProcess-rt.jar
Launcher Type: SUN_STANDARD

[Global flags]
     intx CICompilerCount                          = 4                                         {product} {ergonomic}
     uint ConcGCThreads                            = 3                                         {product} {ergonomic}
     uint G1ConcRefinementThreads                  = 10                                        {product} {ergonomic}
   size_t G1HeapRegionSize                         = 2097152                                   {product} {ergonomic}
    uintx GCDrainStackTargetSize                   = 64                                        {product} {ergonomic}
   size_t InitialHeapSize                          = 257949696                                 {product} {ergonomic}
   size_t MarkStackSize                            = 4194304                                   {product} {ergonomic}
   size_t MaxHeapSize                              = 4118806528                                {product} {ergonomic}
   size_t MinHeapDeltaBytes                        = 2097152                                   {product} {ergonomic}
   size_t MinHeapSize                              = 8388608                                   {product} {ergonomic}
    uintx NonNMethodCodeHeapSize                   = 5839372                                {pd product} {ergonomic}
    uintx NonProfiledCodeHeapSize                  = 122909434                              {pd product} {ergonomic}
    uintx ProfiledCodeHeapSize                     = 122909434                              {pd product} {ergonomic}
    uintx ReservedCodeCacheSize                    = 251658240                              {pd product} {ergonomic}
     bool SegmentedCodeCache                       = true                                      {product} {ergonomic}
   size_t SoftMaxHeapSize                          = 4118806528                             {manageable} {ergonomic}
     bool UseCompressedClassPointers               = true                           {product lp64_product} {ergonomic}
     bool UseCompressedOops                        = true                           {product lp64_product} {ergonomic}
     bool UseG1GC                                  = true                                      {product} {ergonomic}
     bool UseLargePagesIndividualAllocation        = false                                  {pd product} {ergonomic}

Logging:
Log output configuration:
 #0: stdout all=warning uptime,level,tags
 #1: stderr all=off uptime,level,tags

Environment Variables:
JAVA_HOME=C:\Program Files\Java\jdk-20
PATH=C:/Program Files/Git/mingw64/libexec/git-core;C:/Program Files/Git/mingw64/libexec/git-core;C:\Program Files\Git\mingw64\bin;C:\Program Files\Git\usr\bin;C:\Users\amazon\bin;C:\Program Files\Common Files\Oracle\Java\javapath;C:\ProgramData\Oracle\Java\javapath;C:\Program Files\Eclipse Adoptium\jdk-17.0.7.7-hotspot\bin;C:\Program Files (x86)\Common Files\Oracle\Java\javapath;C:\Windows\system32;C:\Windows;C:\Windows\System32\Wbem;C:\Windows\System32\WindowsPowerShell\v1.0\;C:\Windows\System32\OpenSSH\;C:\Program Files\Microsoft VS Code\bin;C:\Program Files\Git\cmd;C:\Program Files\Java\jdk-19.0.2\bin;C:\MinGW\mingw32\bin;C:\Program Files\Python311;C:\Program Files\Python311\Scripts;C:\Users\amazon\AppData\Roaming\Python\Python311\site-packages;C:\Users\amazon\AppData\Roaming\Python\Python311\Scripts;C:\Users\amazon\AppData\Roaming\Python\Python311\Scripts\pyinstaller.exe;C:\ProgramData\chocolatey\bin;C:\Program Files\nodejs;C:\Program Files\nodejs\;C:\Program Files\MySQL\MySQL Shell 8.0\bin\;C:\Users\amazon\AppData\Local\Microsoft\WindowsApps;D:\IntelliJ IDE\IntelliJ IDEA 2023.3.4\bin;C:\Users\amazon\tensorflow_env;C:\Users\amazon\AppData\Roaming\npm
USERNAME=amazon
DISPLAY=:0.0
LC_ALL=en_US.UTF-8
TERM=xterm-256color
TMPDIR=C:\Users\amazon\AppData\Local\Temp
OS=Windows_NT
PROCESSOR_IDENTIFIER=AMD64 Family 23 Model 104 Stepping 1, AuthenticAMD
TMP=C:\Users\amazon\AppData\Local\Temp
TEMP=C:\Users\amazon\AppData\Local\Temp


JNI global refs:
JNI global refs: 0, weak refs: 0

JNI global refs memory usage: 0, weak refs: 0

OOME stack traces (most recent first):
Classloader memory used:


---------------  S Y S T E M  ---------------

OS:
 Windows 11 , 64 bit Build 22621 (10.0.22621.1105)
OS uptime: 1 days 3:41 hours
Hyper-V role detected

CPU: total 12 (initial active 12) (12 cores per cpu, 2 threads per core) family 23 model 104 stepping 1 microcode 0x0, cx8, cmov, fxsr, ht, mmx, 3dnowpref, sse, sse2, sse3, ssse3, sse4a, sse4.1, sse4.2, popcnt, lzcnt, tsc, tscinvbit, avx, avx2, aes, clmul, bmi1, bmi2, adx, sha, fma, vzeroupper, clflush, clflushopt, hv

Memory: 4k page, system-wide physical 15706M (723M free)
TotalPageFile size 17754M (AvailPageFile size 5M)
current process WorkingSet (physical memory assigned to process): 11M, peak: 11M
current process commit charge ("private bytes"): 64M, peak: 310M

vm_info: OpenJDK 64-Bit Server VM (17.0.7+0-b2043.56-10550314) for windows-amd64 JRE (17.0.7+0-b2043.56-10550314), built on Jul 24 2023 18:27:45 by "androidbuild" with MS VC++ 16.10 / 16.11 (VS2019)

END.
