#
# There is insufficient memory for the Java Runtime Environment to continue.
# Native memory allocation (mmap) failed to map 257949696 bytes for G1 virtual space
# Possible reasons:
#   The system is out of physical RAM or swap space
#   The process is running with CompressedOops enabled, and the Java Heap may be blocking the growth of the native heap
# Possible solutions:
#   Reduce memory load on the system
#   Increase physical memory or swap space
#   Check if swap backing store is full
#   Decrease Java heap size (-Xmx/-Xms)
#   Decrease number of Java threads
#   Decrease Java thread stack sizes (-Xss)
#   Set larger code cache with -XX:ReservedCodeCacheSize=
#   JVM is running with Unscaled Compressed Oops mode in which the Java heap is
#     placed in the first 4GB address space. The Java Heap base address is the
#     maximum limit for the native heap growth. Please use -XX:HeapBaseMinAddress
#     to set the Java Heap base and to place the Java Heap above 4GB virtual address.
# This output file may be truncated or incomplete.
#
#  Out of Memory Error (os_windows.cpp:3771), pid=17216, tid=17080
#
# JRE version:  (17.0.7) (build )
# Java VM: OpenJDK 64-Bit Server VM (17.0.7+0-b2043.56-10550314, mixed mode, sharing, tiered, compressed oops, compressed class ptrs, g1 gc, windows-amd64)
# No core dump will be written. Minidumps are not enabled by default on client versions of Windows
#

---------------  S U M M A R Y ------------

Command Line: -Djava.awt.headless=true -Dorg.gradle.internal.worker.tmpdir=D:\All Android aplication building\dynamic_view\app\build\tmp\testDebugUnitTest\work -Dorg.gradle.native=false -Xmx512m -Dfile.encoding=UTF-8 -Duser.country=US -Duser.language=en -Duser.variant -ea worker.org.gradle.process.internal.worker.GradleWorkerMain 'Gradle Test Executor 1'

Host: AMD Ryzen 5 5500U with Radeon Graphics         , 12 cores, 15G,  Windows 11 , 64 bit Build 22621 (10.0.22621.1105)
Time: Sun Mar 10 15:13:39 2024 India Standard Time elapsed time: 0.019489 seconds (0d 0h 0m 0s)

---------------  T H R E A D  ---------------

Current thread (0x0000029d1fcdf2a0):  JavaThread "Unknown thread" [_thread_in_vm, id=17080, stack(0x000000a361800000,0x000000a361900000)]

Stack: [0x000000a361800000,0x000000a361900000]
Native frames: (J=compiled Java code, j=interpreted, Vv=VM code, C=native code)
V  [jvm.dll+0x683bfa]
V  [jvm.dll+0x8430a4]
V  [jvm.dll+0x8449be]
V  [jvm.dll+0x845023]
V  [jvm.dll+0x24ad2f]
V  [jvm.dll+0x680ac9]
V  [jvm.dll+0x67519a]
V  [jvm.dll+0x30b3cb]
V  [jvm.dll+0x312876]
V  [jvm.dll+0x36221e]
V  [jvm.dll+0x36244f]
V  [jvm.dll+0x2e14a8]
V  [jvm.dll+0x2e2414]
V  [jvm.dll+0x814391]
V  [jvm.dll+0x36ffe1]
V  [jvm.dll+0x7f396c]
V  [jvm.dll+0x3f305f]
V  [jvm.dll+0x3f4b91]
C  [jli.dll+0x528f]
C  [ucrtbase.dll+0x29363]
C  [KERNEL32.DLL+0x126bd]
C  [ntdll.dll+0x5dfb8]


---------------  P R O C E S S  ---------------

Threads class SMR info:
_java_thread_list=0x00007fff657dd098, length=0, elements={
}

Java Threads: ( => current thread )

Other Threads:
  0x0000029d1fd13540 GCTaskThread "GC Thread#0" [stack: 0x000000a361900000,0x000000a361a00000] [id=13288]
  0x0000029d1fd16460 ConcurrentGCThread "G1 Main Marker" [stack: 0x000000a361a00000,0x000000a361b00000] [id=4272]
  0x0000029d1fd16fd0 ConcurrentGCThread "G1 Conc#0" [stack: 0x000000a361b00000,0x000000a361c00000] [id=14340]

[error occurred during error reporting (printing all threads), id 0xc0000005, EXCEPTION_ACCESS_VIOLATION (0xc0000005) at pc=0x00007fff64f92087]

VM state: not at safepoint (not fully initialized)

VM Mutex/Monitor currently owned by a thread:  ([mutex/lock_event])
[0x0000029d1fcd9d80] Heap_lock - owner thread: 0x0000029d1fcdf2a0

Heap address: 0x00000000e0000000, size: 512 MB, Compressed Oops mode: 32-bit

CDS archive(s) mapped at: [0x0000000000000000-0x0000000000000000-0x0000000000000000), size 0, SharedBaseAddress: 0x0000000800000000, ArchiveRelocationMode: 0.
Narrow klass base: 0x0000000000000000, Narrow klass shift: 0, Narrow klass range: 0x0

GC Precious Log:
<Empty>

Heap:
 garbage-first heap   total 0K, used 0K [0x00000000e0000000, 0x0000000100000000)
  region size 1024K, 0 young (0K), 0 survivors (0K)
 Metaspace       used 0K, committed 0K, reserved 0K
  class space    used 0K, committed 0K, reserved 0K

Heap Regions: E=young(eden), S=young(survivor), O=old, HS=humongous(starts), HC=humongous(continues), CS=collection set, F=free, OA=open archive, CA=closed archive, TAMS=top-at-mark-start (previous, next)

Card table byte_map: [0x0000029d327e0000,0x0000029d328e0000] _byte_map_base: 0x0000029d320e0000

Marking Bits (Prev, Next): (CMBitMap*) 0x0000029d1fd13b50, (CMBitMap*) 0x0000029d1fd13b90
 Prev Bits: [0x0000029d329e0000, 0x0000029d331e0000)
 Next Bits: [0x0000029d331e0000, 0x0000029d339e0000)

GC Heap History (0 events):
No events

Dll operation events (1 events):
Event: 0.014 Loaded shared library D:\Android\Android Studio\jbr\bin\java.dll

Deoptimization events (0 events):
No events

Classes unloaded (0 events):
No events

Classes redefined (0 events):
No events

Internal exceptions (0 events):
No events

VM Operations (0 events):
No events

Events (0 events):
No events


Dynamic libraries:
0x00007ff6eba10000 - 0x00007ff6eba1a000 	D:\Android\Android Studio\jbr\bin\java.exe
0x00007ffff4af0000 - 0x00007ffff4d04000 	C:\Windows\SYSTEM32\ntdll.dll
0x00007ffff35f0000 - 0x00007ffff36b3000 	C:\Windows\System32\KERNEL32.DLL
0x00007ffff2510000 - 0x00007ffff28ad000 	C:\Windows\System32\KERNELBASE.dll
0x00007fffeea00000 - 0x00007fffeea97000 	C:\Windows\SYSTEM32\apphelp.dll
0x00007ffff23f0000 - 0x00007ffff2501000 	C:\Windows\System32\ucrtbase.dll
0x00007fffe10c0000 - 0x00007fffe10db000 	D:\Android\Android Studio\jbr\bin\VCRUNTIME140.dll
0x00007fffe7af0000 - 0x00007fffe7b07000 	D:\Android\Android Studio\jbr\bin\jli.dll
0x00007ffff47b0000 - 0x00007ffff495d000 	C:\Windows\System32\USER32.dll
0x00007fffd6bd0000 - 0x00007fffd6e5e000 	C:\Windows\WinSxS\amd64_microsoft.windows.common-controls_6595b64144ccf1df_6.0.22621.608_none_a9444ca7c10bb01d\COMCTL32.dll
0x00007ffff28b0000 - 0x00007ffff28d6000 	C:\Windows\System32\win32u.dll
0x00007ffff2d60000 - 0x00007ffff2d89000 	C:\Windows\System32\GDI32.dll
0x00007ffff2210000 - 0x00007ffff2322000 	C:\Windows\System32\gdi32full.dll
0x00007ffff1f10000 - 0x00007ffff1faa000 	C:\Windows\System32\msvcp_win.dll
0x00007ffff3480000 - 0x00007ffff3527000 	C:\Windows\System32\msvcrt.dll
0x00007ffff3830000 - 0x00007ffff3862000 	C:\Windows\System32\IMM32.DLL
0x00007fffee960000 - 0x00007fffee96c000 	D:\Android\Android Studio\jbr\bin\vcruntime140_1.dll
0x00007fffde4c0000 - 0x00007fffde54d000 	D:\Android\Android Studio\jbr\bin\msvcp140.dll
0x00007fff64ca0000 - 0x00007fff65920000 	D:\Android\Android Studio\jbr\bin\server\jvm.dll
0x00007ffff3540000 - 0x00007ffff35ee000 	C:\Windows\System32\ADVAPI32.dll
0x00007ffff3780000 - 0x00007ffff3824000 	C:\Windows\System32\sechost.dll
0x00007ffff4960000 - 0x00007ffff4a75000 	C:\Windows\System32\RPCRT4.dll
0x00007fffead70000 - 0x00007fffead79000 	C:\Windows\SYSTEM32\WSOCK32.dll
0x00007fffea130000 - 0x00007fffea13a000 	C:\Windows\SYSTEM32\VERSION.dll
0x00007fffea330000 - 0x00007fffea364000 	C:\Windows\SYSTEM32\WINMM.dll
0x00007ffff3ec0000 - 0x00007ffff3f31000 	C:\Windows\System32\WS2_32.dll
0x00007ffff0f40000 - 0x00007ffff0f58000 	C:\Windows\SYSTEM32\kernel.appcore.dll
0x00007fffee950000 - 0x00007fffee95a000 	D:\Android\Android Studio\jbr\bin\jimage.dll
0x00007fffef970000 - 0x00007fffefb9e000 	C:\Windows\SYSTEM32\DBGHELP.DLL
0x00007ffff3b30000 - 0x00007ffff3eba000 	C:\Windows\System32\combase.dll
0x00007ffff32c0000 - 0x00007ffff3397000 	C:\Windows\System32\OLEAUT32.dll
0x00007fffdd4c0000 - 0x00007fffdd4f2000 	C:\Windows\SYSTEM32\dbgcore.DLL
0x00007ffff2190000 - 0x00007ffff220b000 	C:\Windows\System32\bcryptPrimitives.dll
0x00007fffeaf60000 - 0x00007fffeaf85000 	D:\Android\Android Studio\jbr\bin\java.dll

dbghelp: loaded successfully - version: 4.0.5 - missing functions: none
symbol engine: initialized successfully - sym options: 0x614 - pdb path: .;D:\Android\Android Studio\jbr\bin;C:\Windows\SYSTEM32;C:\Windows\WinSxS\amd64_microsoft.windows.common-controls_6595b64144ccf1df_6.0.22621.608_none_a9444ca7c10bb01d;D:\Android\Android Studio\jbr\bin\server

VM Arguments:
jvm_args: -Djava.awt.headless=true -Dorg.gradle.internal.worker.tmpdir=D:\All Android aplication building\dynamic_view\app\build\tmp\testDebugUnitTest\work -Dorg.gradle.native=false -Xmx512m -Dfile.encoding=UTF-8 -Duser.country=US -Duser.language=en -Duser.variant -ea 
java_command: worker.org.gradle.process.internal.worker.GradleWorkerMain 'Gradle Test Executor 1'
java_class_path (initial): C:\Program Files\Java\jdk-19.0.2\caches\8.2\workerMain\gradle-worker.jar;D:\All Android aplication building\dynamic_view\app\build\intermediates\javac\debugUnitTest\classes;D:\All Android aplication building\dynamic_view\app\build\intermediates\runtime_app_classes_jar\debug\classes.jar;C:\Program Files\Java\jdk-19.0.2\caches\modules-2\files-2.1\junit\junit\4.13.2\8ac9e16d933b6fb43bc7f576336b8f4d7eb5ba12\junit-4.13.2.jar;C:\Program Files\Java\jdk-19.0.2\caches\transforms-3\7f51f63060d0c7aed90857accec59ce9\transformed\material-1.11.0-runtime.jar;C:\Program Files\Java\jdk-19.0.2\caches\transforms-3\7d9477c3b3a9a5d5232398770f04fb60\transformed\constraintlayout-2.1.4-runtime.jar;C:\Program Files\Java\jdk-19.0.2\caches\transforms-3\76386b0de7dba441957b9b35f0cf7de9\transformed\appcompat-resources-1.6.1-runtime.jar;C:\Program Files\Java\jdk-19.0.2\caches\transforms-3\7329de4997141b30dbb8ee68a29da351\transformed\appcompat-1.6.1-runtime.jar;C:\Program Files\Java\jdk-19.0.2\caches\transforms-3\401d64b8053e32c64b896e090e3953c9\transformed\coordinatorlayout-1.2.0-runtime.jar;C:\Program Files\Java\jdk-19.0.2\caches\modules-2\files-2.1\com.squareup.retrofit2\converter-gson\2.9.0\fc93484fc67ab52b1e0ccbdaa3922d8a6678e097\converter-gson-2.9.0.jar;C:\Program Files\Java\jdk-19.0.2\caches\modules-2\files-2.1\com.squareup.retrofit2\retrofit\2.9.0\d8fdfbd5da952141a665a403348b74538efc05ff\retrofit-2.9.0.jar;C:\Program Files\Java\jdk-19.0.2\caches\modules-2\files-2.1\org.hamcrest\hamcrest-core\1.3\42a25dc3219429f0e5d060061f71acb49bf010a0\hamcrest-core-1.3.jar;C:\Program Files\Java\jdk-19.0.2\caches\transforms-3\27bcdfaab5345cb88c2f6b8c0948b850\transformed\viewpager2-1.0.0-runtime.jar;C:\Program Files\Java\jdk-19.0.2\caches\transforms-3\1c7f86271ea460dbc6f08505e706ced0\transformed\fragment-1.3.6-runtime.jar;C:\Program Files\Java\jdk-19.0.2\caches\transforms-3\b0ec1721efa8830f5bb733782fceef1f\transformed\activity-1.8.0-runtime.jar;C:\Program Files\Java\jdk-19.0.2\
Launcher Type: SUN_STANDARD

[Global flags]
     intx CICompilerCount                          = 4                                         {product} {ergonomic}
     uint ConcGCThreads                            = 3                                         {product} {ergonomic}
     uint G1ConcRefinementThreads                  = 10                                        {product} {ergonomic}
   size_t G1HeapRegionSize                         = 1048576                                   {product} {ergonomic}
    uintx GCDrainStackTargetSize                   = 64                                        {product} {ergonomic}
   size_t InitialHeapSize                          = 257949696                                 {product} {ergonomic}
   size_t MarkStackSize                            = 4194304                                   {product} {ergonomic}
   size_t MaxHeapSize                              = 536870912                                 {product} {command line}
   size_t MinHeapDeltaBytes                        = 1048576                                   {product} {ergonomic}
   size_t MinHeapSize                              = 8388608                                   {product} {ergonomic}
    uintx NonNMethodCodeHeapSize                   = 5839372                                {pd product} {ergonomic}
    uintx NonProfiledCodeHeapSize                  = 122909434                              {pd product} {ergonomic}
    uintx ProfiledCodeHeapSize                     = 122909434                              {pd product} {ergonomic}
    uintx ReservedCodeCacheSize                    = 251658240                              {pd product} {ergonomic}
     bool SegmentedCodeCache                       = true                                      {product} {ergonomic}
   size_t SoftMaxHeapSize                          = 536870912                              {manageable} {ergonomic}
     bool UseCompressedClassPointers               = true                           {product lp64_product} {ergonomic}
     bool UseCompressedOops                        = true                           {product lp64_product} {ergonomic}
     bool UseG1GC                                  = true                                      {product} {ergonomic}
     bool UseLargePagesIndividualAllocation        = false                                  {pd product} {ergonomic}

Logging:
Log output configuration:
 #0: stdout all=warning uptime,level,tags
 #1: stderr all=off uptime,level,tags

Environment Variables:
JAVA_HOME=C:\Program Files\Java\jdk-20
PATH=C:\Program Files\Common Files\Oracle\Java\javapath;C:\ProgramData\Oracle\Java\javapath;C:\Program Files\Eclipse Adoptium\jdk-17.0.7.7-hotspot\bin;C:\Program Files (x86)\Common Files\Oracle\Java\javapath;C:\Windows\system32;C:\Windows;C:\Windows\System32\Wbem;C:\Windows\System32\WindowsPowerShell\v1.0\;C:\Windows\System32\OpenSSH\;C:\Program Files\Microsoft VS Code\bin;C:\Program Files\Git\cmd;C:\Program Files\Java\jdk-19.0.2\bin;C:\MinGW\mingw32\bin;C:\Program Files\Python311;C:\Program Files\Python311\Scripts;C:\Users\amazon\AppData\Roaming\Python\Python311\site-packages;C:\Users\amazon\AppData\Roaming\Python\Python311\Scripts;C:\Users\amazon\AppData\Roaming\Python\Python311\Scripts\pyinstaller.exe;C:\ProgramData\chocolatey\bin;C:\Program Files\nodejs;C:\Program Files\nodejs\;C:\Program Files\MySQL\MySQL Shell 8.0\bin\;C:\Users\amazon\AppData\Local\Microsoft\WindowsApps;D:\IntelliJ IDE\IntelliJ IDEA 2023.3.4\bin;C:\Users\amazon\tensorflow_env;C:\Users\amazon\AppData\Roaming\npm
USERNAME=amazon
OS=Windows_NT
PROCESSOR_IDENTIFIER=AMD64 Family 23 Model 104 Stepping 1, AuthenticAMD
TMP=C:\Users\amazon\AppData\Local\Temp
TEMP=C:\Users\amazon\AppData\Local\Temp


JNI global refs:
JNI global refs: 0, weak refs: 0

JNI global refs memory usage: 0, weak refs: 0

OOME stack traces (most recent first):
Classloader memory used:


---------------  S Y S T E M  ---------------

OS:
 Windows 11 , 64 bit Build 22621 (10.0.22621.1105)
OS uptime: 0 days 3:04 hours
Hyper-V role detected

CPU: total 12 (initial active 12) (12 cores per cpu, 2 threads per core) family 23 model 104 stepping 1 microcode 0x0, cx8, cmov, fxsr, ht, mmx, 3dnowpref, sse, sse2, sse3, ssse3, sse4a, sse4.1, sse4.2, popcnt, lzcnt, tsc, tscinvbit, avx, avx2, aes, clmul, bmi1, bmi2, adx, sha, fma, vzeroupper, clflush, clflushopt, hv

Memory: 4k page, system-wide physical 15706M (251M free)
TotalPageFile size 17754M (AvailPageFile size 38M)
current process WorkingSet (physical memory assigned to process): 11M, peak: 11M
current process commit charge ("private bytes"): 64M, peak: 310M

vm_info: OpenJDK 64-Bit Server VM (17.0.7+0-b2043.56-10550314) for windows-amd64 JRE (17.0.7+0-b2043.56-10550314), built on Jul 24 2023 18:27:45 by "androidbuild" with MS VC++ 16.10 / 16.11 (VS2019)

END.
